TN:
SF:src/constants.js
FNF:0
FNH:0
DA:10,1
DA:20,1
DA:33,1
DA:47,1
DA:67,1
DA:77,1
DA:118,1
DA:125,1
LF:8
LH:8
BRF:0
BRH:0
end_of_record
TN:
SF:src/index.js
FN:24,(anonymous_0)
FN:26,(anonymous_1)
FN:43,(anonymous_2)
FN:44,(anonymous_3)
FN:45,(anonymous_4)
FN:46,(anonymous_5)
FN:47,(anonymous_6)
FN:48,(anonymous_7)
FN:49,(anonymous_8)
FN:50,(anonymous_9)
FN:51,(anonymous_10)
FN:52,(anonymous_11)
FN:53,(anonymous_12)
FN:54,(anonymous_13)
FN:55,(anonymous_14)
FN:56,(anonymous_15)
FN:57,(anonymous_16)
FN:58,(anonymous_17)
FN:59,(anonymous_18)
FN:60,(anonymous_19)
FN:70,createApp
FN:88,createLightApp
FN:117,(anonymous_22)
FN:120,(anonymous_23)
FN:123,(anonymous_24)
FN:124,(anonymous_25)
FN:125,(anonymous_26)
FN:126,(anonymous_27)
FN:127,(anonymous_28)
FN:128,(anonymous_29)
FN:129,(anonymous_30)
FN:130,(anonymous_31)
FN:131,(anonymous_32)
FN:132,(anonymous_33)
FN:133,(anonymous_34)
FN:134,(anonymous_35)
FN:135,(anonymous_36)
FN:136,(anonymous_37)
FN:137,(anonymous_38)
FN:138,(anonymous_39)
FN:139,(anonymous_40)
FNF:41
FNH:0
FNDA:0,(anonymous_0)
FNDA:0,(anonymous_1)
FNDA:0,(anonymous_2)
FNDA:0,(anonymous_3)
FNDA:0,(anonymous_4)
FNDA:0,(anonymous_5)
FNDA:0,(anonymous_6)
FNDA:0,(anonymous_7)
FNDA:0,(anonymous_8)
FNDA:0,(anonymous_9)
FNDA:0,(anonymous_10)
FNDA:0,(anonymous_11)
FNDA:0,(anonymous_12)
FNDA:0,(anonymous_13)
FNDA:0,(anonymous_14)
FNDA:0,(anonymous_15)
FNDA:0,(anonymous_16)
FNDA:0,(anonymous_17)
FNDA:0,(anonymous_18)
FNDA:0,(anonymous_19)
FNDA:0,createApp
FNDA:0,createLightApp
FNDA:0,(anonymous_22)
FNDA:0,(anonymous_23)
FNDA:0,(anonymous_24)
FNDA:0,(anonymous_25)
FNDA:0,(anonymous_26)
FNDA:0,(anonymous_27)
FNDA:0,(anonymous_28)
FNDA:0,(anonymous_29)
FNDA:0,(anonymous_30)
FNDA:0,(anonymous_31)
FNDA:0,(anonymous_32)
FNDA:0,(anonymous_33)
FNDA:0,(anonymous_34)
FNDA:0,(anonymous_35)
FNDA:0,(anonymous_36)
FNDA:0,(anonymous_37)
FNDA:0,(anonymous_38)
FNDA:0,(anonymous_39)
FNDA:0,(anonymous_40)
DA:24,0
DA:25,0
DA:27,0
DA:28,0
DA:30,0
DA:32,0
DA:33,0
DA:36,0
DA:42,0
DA:43,0
DA:44,0
DA:45,0
DA:46,0
DA:47,0
DA:48,0
DA:49,0
DA:50,0
DA:51,0
DA:52,0
DA:53,0
DA:54,0
DA:55,0
DA:56,0
DA:57,0
DA:58,0
DA:59,0
DA:60,0
DA:72,0
DA:75,0
DA:78,0
DA:90,0
DA:93,0
DA:96,0
DA:107,0
DA:111,0
DA:117,0
DA:120,0
DA:123,0
DA:124,0
DA:125,0
DA:126,0
DA:127,0
DA:128,0
DA:129,0
DA:130,0
DA:131,0
DA:132,0
DA:133,0
DA:134,0
DA:135,0
DA:136,0
DA:137,0
DA:138,0
DA:139,0
LF:54
LH:0
BRDA:27,0,0,0
BRDA:27,0,1,0
BRDA:43,1,0,0
BRDA:43,1,1,0
BRDA:44,2,0,0
BRDA:44,2,1,0
BRDA:45,3,0,0
BRDA:45,3,1,0
BRDA:46,4,0,0
BRDA:46,4,1,0
BRDA:47,5,0,0
BRDA:47,5,1,0
BRDA:48,6,0,0
BRDA:48,6,1,0
BRDA:49,7,0,0
BRDA:49,7,1,0
BRDA:50,8,0,0
BRDA:50,8,1,0
BRDA:51,9,0,0
BRDA:51,9,1,0
BRDA:52,10,0,0
BRDA:52,10,1,0
BRDA:53,11,0,0
BRDA:53,11,1,0
BRDA:54,12,0,0
BRDA:54,12,1,0
BRDA:55,13,0,0
BRDA:55,13,1,0
BRDA:56,14,0,0
BRDA:56,14,1,0
BRDA:57,15,0,0
BRDA:57,15,1,0
BRDA:58,16,0,0
BRDA:58,16,1,0
BRDA:59,17,0,0
BRDA:59,17,1,0
BRDA:60,18,0,0
BRDA:60,18,1,0
BRDA:70,19,0,0
BRDA:88,20,0,0
BRF:40
BRH:0
end_of_record
TN:
SF:src/api/Paginator.js
FN:19,(anonymous_0)
FN:46,(anonymous_1)
FN:90,(anonymous_2)
FN:116,(anonymous_3)
FN:151,(anonymous_4)
FNF:5
FNH:0
FNDA:0,(anonymous_0)
FNDA:0,(anonymous_1)
FNDA:0,(anonymous_2)
FNDA:0,(anonymous_3)
FNDA:0,(anonymous_4)
DA:20,0
DA:21,0
DA:22,0
DA:23,0
DA:24,0
DA:27,0
DA:30,0
DA:31,0
DA:34,0
DA:35,0
DA:48,0
DA:49,0
DA:59,0
DA:60,0
DA:70,0
DA:71,0
DA:80,0
DA:91,0
DA:92,0
DA:95,0
DA:97,0
DA:117,0
DA:118,0
DA:121,0
DA:126,0
DA:129,0
DA:130,0
DA:134,0
DA:135,0
DA:139,0
DA:140,0
DA:143,0
DA:152,0
DA:169,0
LF:34
LH:0
BRDA:19,0,0,0
BRDA:20,1,0,0
BRDA:20,1,1,0
BRDA:20,2,0,0
BRDA:20,2,1,0
BRDA:21,3,0,0
BRDA:21,3,1,0
BRDA:21,4,0,0
BRDA:21,4,1,0
BRDA:22,5,0,0
BRDA:22,5,1,0
BRDA:23,6,0,0
BRDA:23,6,1,0
BRDA:24,7,0,0
BRDA:24,7,1,0
BRDA:27,8,0,0
BRDA:27,8,1,0
BRDA:34,9,0,0
BRDA:34,9,1,0
BRDA:35,10,0,0
BRDA:35,10,1,0
BRDA:46,11,0,0
BRDA:48,12,0,0
BRDA:48,12,1,0
BRDA:48,13,0,0
BRDA:48,13,1,0
BRDA:48,13,2,0
BRDA:48,13,3,0
BRDA:59,14,0,0
BRDA:59,14,1,0
BRDA:59,15,0,0
BRDA:59,15,1,0
BRDA:59,15,2,0
BRDA:59,15,3,0
BRDA:70,16,0,0
BRDA:70,16,1,0
BRDA:90,17,0,0
BRDA:91,18,0,0
BRDA:91,18,1,0
BRDA:91,19,0,0
BRDA:91,19,1,0
BRDA:92,20,0,0
BRDA:92,20,1,0
BRDA:92,21,0,0
BRDA:92,21,1,0
BRDA:117,22,0,0
BRDA:117,22,1,0
BRDA:121,23,0,0
BRDA:121,23,1,0
BRDA:122,24,0,0
BRDA:122,24,1,0
BRDA:129,25,0,0
BRDA:129,25,1,0
BRDA:134,26,0,0
BRDA:134,26,1,0
BRDA:139,27,0,0
BRDA:139,27,1,0
BRF:57
BRH:0
end_of_record
TN:
SF:src/api/Result.js
FN:20,(anonymous_0)
FN:37,(anonymous_1)
FN:55,(anonymous_2)
FN:72,(anonymous_3)
FN:84,(anonymous_4)
FN:96,(anonymous_5)
FN:108,(anonymous_6)
FN:121,(anonymous_7)
FN:137,(anonymous_8)
FN:152,(anonymous_9)
FNF:10
FNH:0
FNDA:0,(anonymous_0)
FNDA:0,(anonymous_1)
FNDA:0,(anonymous_2)
FNDA:0,(anonymous_3)
FNDA:0,(anonymous_4)
FNDA:0,(anonymous_5)
FNDA:0,(anonymous_6)
FNDA:0,(anonymous_7)
FNDA:0,(anonymous_8)
FNDA:0,(anonymous_9)
DA:8,0
DA:21,0
DA:22,0
DA:23,0
DA:24,0
DA:25,0
DA:38,0
DA:56,0
DA:73,0
DA:85,0
DA:97,0
DA:109,0
DA:122,0
DA:138,0
DA:153,0
DA:154,0
DA:158,0
LF:17
LH:0
BRDA:20,0,0,0
BRDA:21,1,0,0
BRDA:21,1,1,0
BRDA:22,2,0,0
BRDA:22,2,1,0
BRDA:23,3,0,0
BRDA:23,3,1,0
BRDA:24,4,0,0
BRDA:24,4,1,0
BRDA:25,5,0,0
BRDA:25,5,1,0
BRDA:37,6,0,0
BRDA:37,7,0,0
BRDA:37,8,0,0
BRDA:55,9,0,0
BRDA:55,10,0,0
BRDA:55,11,0,0
BRDA:72,12,0,0
BRDA:72,13,0,0
BRDA:84,14,0,0
BRDA:84,15,0,0
BRDA:96,16,0,0
BRDA:96,17,0,0
BRDA:108,18,0,0
BRDA:108,19,0,0
BRDA:121,20,0,0
BRDA:127,21,0,0
BRDA:127,21,1,0
BRDA:153,22,0,0
BRDA:153,22,1,0
BRDA:153,23,0,0
BRDA:153,23,1,0
BRF:32
BRH:0
end_of_record
TN:
SF:src/api/errorCodes.js
FNF:0
FNH:0
DA:9,0
DA:62,0
DA:76,0
DA:84,0
DA:91,0
DA:99,0
DA:107,0
LF:7
LH:0
BRF:0
BRH:0
end_of_record
TN:
SF:src/api/index.js
FNF:0
FNH:0
DA:8,0
DA:9,0
DA:10,0
DA:11,0
DA:13,0
LF:5
LH:0
BRF:0
BRH:0
end_of_record
TN:
SF:src/api/validator.js
FN:47,validateType
FN:86,validate
FN:192,middleware
FN:195,(anonymous_3)
FNF:4
FNH:0
FNDA:0,validateType
FNDA:0,validate
FNDA:0,middleware
FNDA:0,(anonymous_3)
DA:8,0
DA:9,0
DA:14,0
DA:28,0
DA:48,0
DA:49,0
DA:52,0
DA:54,0
DA:56,0
DA:58,0
DA:60,0
DA:62,0
DA:64,0
DA:66,0
DA:68,0
DA:69,0
DA:70,0
DA:72,0
DA:75,0
DA:88,0
DA:89,0
DA:93,0
DA:94,0
DA:97,0
DA:98,0
DA:101,0
DA:103,0
DA:106,0
DA:109,0
DA:110,0
DA:114,0
DA:116,0
DA:117,0
DA:121,0
DA:122,0
DA:123,0
DA:124,0
DA:125,0
DA:126,0
DA:127,0
DA:132,0
DA:133,0
DA:134,0
DA:135,0
DA:136,0
DA:137,0
DA:138,0
DA:143,0
DA:146,0
DA:150,0
DA:151,0
DA:155,0
DA:156,0
DA:161,0
DA:162,0
DA:166,0
DA:167,0
DA:168,0
DA:169,0
DA:175,0
DA:176,0
DA:177,0
DA:181,0
DA:193,0
DA:195,0
DA:199,0
DA:201,0
DA:202,0
DA:204,0
DA:205,0
DA:207,0
DA:208,0
DA:210,0
DA:215,0
DA:217,0
DA:221,0
DA:224,0
DA:225,0
DA:229,0
DA:233,0
DA:237,0
LF:81
LH:0
BRDA:48,0,0,0
BRDA:48,0,1,0
BRDA:48,1,0,0
BRDA:48,1,1,0
BRDA:52,2,0,0
BRDA:52,2,1,0
BRDA:52,2,2,0
BRDA:52,2,3,0
BRDA:52,2,4,0
BRDA:52,2,5,0
BRDA:52,2,6,0
BRDA:52,2,7,0
BRDA:52,2,8,0
BRDA:56,3,0,0
BRDA:56,3,1,0
BRDA:60,4,0,0
BRDA:60,4,1,0
BRDA:60,4,2,0
BRDA:64,5,0,0
BRDA:64,5,1,0
BRDA:66,6,0,0
BRDA:66,6,1,0
BRDA:88,7,0,0
BRDA:88,7,1,0
BRDA:88,8,0,0
BRDA:88,8,1,0
BRDA:93,9,0,0
BRDA:93,9,1,0
BRDA:109,10,0,0
BRDA:109,10,1,0
BRDA:109,11,0,0
BRDA:109,11,1,0
BRDA:109,11,2,0
BRDA:109,11,3,0
BRDA:114,12,0,0
BRDA:114,12,1,0
BRDA:114,13,0,0
BRDA:114,13,1,0
BRDA:116,14,0,0
BRDA:116,14,1,0
BRDA:116,15,0,0
BRDA:116,15,1,0
BRDA:121,16,0,0
BRDA:121,16,1,0
BRDA:122,17,0,0
BRDA:122,17,1,0
BRDA:122,18,0,0
BRDA:122,18,1,0
BRDA:124,19,0,0
BRDA:124,19,1,0
BRDA:124,20,0,0
BRDA:124,20,1,0
BRDA:126,21,0,0
BRDA:126,21,1,0
BRDA:126,22,0,0
BRDA:126,22,1,0
BRDA:132,23,0,0
BRDA:132,23,1,0
BRDA:133,24,0,0
BRDA:133,24,1,0
BRDA:133,25,0,0
BRDA:133,25,1,0
BRDA:135,26,0,0
BRDA:135,26,1,0
BRDA:135,27,0,0
BRDA:135,27,1,0
BRDA:137,28,0,0
BRDA:137,28,1,0
BRDA:137,29,0,0
BRDA:137,29,1,0
BRDA:143,30,0,0
BRDA:143,30,1,0
BRDA:143,31,0,0
BRDA:143,31,1,0
BRDA:143,31,2,0
BRDA:143,31,3,0
BRDA:143,31,4,0
BRDA:150,32,0,0
BRDA:150,32,1,0
BRDA:150,33,0,0
BRDA:150,33,1,0
BRDA:151,34,0,0
BRDA:151,34,1,0
BRDA:155,35,0,0
BRDA:155,35,1,0
BRDA:156,36,0,0
BRDA:156,36,1,0
BRDA:161,37,0,0
BRDA:161,37,1,0
BRDA:161,38,0,0
BRDA:161,38,1,0
BRDA:161,38,2,0
BRDA:166,39,0,0
BRDA:166,39,1,0
BRDA:166,40,0,0
BRDA:166,40,1,0
BRDA:168,41,0,0
BRDA:168,41,1,0
BRDA:169,42,0,0
BRDA:169,42,1,0
BRDA:175,43,0,0
BRDA:175,43,1,0
BRDA:192,44,0,0
BRDA:192,45,0,0
BRDA:193,46,0,0
BRDA:193,46,1,0
BRDA:199,47,0,0
BRDA:199,47,1,0
BRDA:199,47,2,0
BRDA:199,47,3,0
BRDA:199,47,4,0
BRDA:224,48,0,0
BRDA:224,48,1,0
BRF:113
BRH:0
end_of_record
TN:
SF:src/app/BaseApp.js
FN:26,(anonymous_0)
FN:55,(anonymous_1)
FN:78,(anonymous_2)
FN:81,(anonymous_3)
FN:91,(anonymous_4)
FN:104,(anonymous_5)
FN:116,(anonymous_6)
FN:128,(anonymous_7)
FN:141,(anonymous_8)
FN:153,(anonymous_9)
FN:165,(anonymous_10)
FN:179,(anonymous_11)
FN:197,(anonymous_12)
FN:209,(anonymous_13)
FN:219,(anonymous_14)
FN:222,(anonymous_15)
FN:236,(anonymous_16)
FN:246,(anonymous_17)
FN:263,(anonymous_18)
FN:283,(anonymous_19)
FN:305,(anonymous_20)
FN:317,(anonymous_21)
FN:334,(anonymous_22)
FN:345,(anonymous_23)
FN:350,(anonymous_24)
FN:351,(anonymous_25)
FN:374,(anonymous_26)
FN:384,(anonymous_27)
FN:394,(anonymous_28)
FN:404,(anonymous_29)
FNF:30
FNH:0
FNDA:0,(anonymous_0)
FNDA:0,(anonymous_1)
FNDA:0,(anonymous_2)
FNDA:0,(anonymous_3)
FNDA:0,(anonymous_4)
FNDA:0,(anonymous_5)
FNDA:0,(anonymous_6)
FNDA:0,(anonymous_7)
FNDA:0,(anonymous_8)
FNDA:0,(anonymous_9)
FNDA:0,(anonymous_10)
FNDA:0,(anonymous_11)
FNDA:0,(anonymous_12)
FNDA:0,(anonymous_13)
FNDA:0,(anonymous_14)
FNDA:0,(anonymous_15)
FNDA:0,(anonymous_16)
FNDA:0,(anonymous_17)
FNDA:0,(anonymous_18)
FNDA:0,(anonymous_19)
FNDA:0,(anonymous_20)
FNDA:0,(anonymous_21)
FNDA:0,(anonymous_22)
FNDA:0,(anonymous_23)
FNDA:0,(anonymous_24)
FNDA:0,(anonymous_25)
FNDA:0,(anonymous_26)
FNDA:0,(anonymous_27)
FNDA:0,(anonymous_28)
FNDA:0,(anonymous_29)
DA:8,0
DA:9,0
DA:10,0
DA:11,0
DA:12,0
DA:13,0
DA:14,0
DA:15,0
DA:16,0
DA:27,0
DA:33,0
DA:34,0
DA:35,0
DA:36,0
DA:37,0
DA:40,0
DA:47,0
DA:57,0
DA:58,0
DA:61,0
DA:64,0
DA:67,0
DA:70,0
DA:80,0
DA:81,0
DA:82,0
DA:93,0
DA:105,0
DA:106,0
DA:117,0
DA:118,0
DA:129,0
DA:130,0
DA:142,0
DA:143,0
DA:154,0
DA:155,0
DA:166,0
DA:167,0
DA:168,0
DA:180,0
DA:181,0
DA:183,0
DA:186,0
DA:198,0
DA:210,0
DA:211,0
DA:221,0
DA:224,0
DA:225,0
DA:228,0
DA:229,0
DA:233,0
DA:236,0
DA:237,0
DA:238,0
DA:239,0
DA:247,0
DA:250,0
DA:268,0
DA:270,0
DA:272,0
DA:273,0
DA:274,0
DA:277,0
DA:283,0
DA:284,0
DA:285,0
DA:288,0
DA:289,0
DA:290,0
DA:293,0
DA:294,0
DA:297,0
DA:305,0
DA:306,0
DA:308,0
DA:309,0
DA:310,0
DA:312,0
DA:313,0
DA:314,0
DA:315,0
DA:316,0
DA:317,0
DA:318,0
DA:324,0
DA:325,0
DA:339,0
DA:342,0
DA:345,0
DA:346,0
DA:350,0
DA:351,0
DA:352,0
DA:353,0
DA:354,0
DA:356,0
DA:362,0
DA:363,0
DA:365,0
DA:375,0
DA:385,0
DA:395,0
DA:405,0
DA:409,0
LF:106
LH:0
BRDA:26,0,0,0
BRDA:28,1,0,0
BRDA:28,1,1,0
BRDA:29,2,0,0
BRDA:29,2,1,0
BRDA:42,3,0,0
BRDA:42,3,1,0
BRDA:43,4,0,0
BRDA:43,4,1,0
BRDA:180,5,0,0
BRDA:180,5,1,0
BRDA:198,6,0,0
BRDA:198,6,1,0
BRDA:228,7,0,0
BRDA:228,7,1,0
BRDA:237,8,0,0
BRDA:237,8,1,0
BRDA:263,9,0,0
BRDA:265,10,0,0
BRDA:266,11,0,0
BRDA:267,12,0,0
BRDA:272,13,0,0
BRDA:272,13,1,0
BRDA:288,14,0,0
BRDA:288,14,1,0
BRDA:293,15,0,0
BRDA:293,15,1,0
BRDA:312,16,0,0
BRDA:312,16,1,0
BRDA:312,17,0,0
BRDA:312,17,1,0
BRDA:314,18,0,0
BRDA:314,18,1,0
BRDA:316,19,0,0
BRDA:316,19,1,0
BRDA:316,20,0,0
BRDA:316,20,1,0
BRDA:336,21,0,0
BRDA:337,22,0,0
BRDA:338,23,0,0
BRDA:352,24,0,0
BRDA:352,24,1,0
BRDA:354,25,0,0
BRDA:354,25,1,0
BRF:44
BRH:0
end_of_record
TN:
SF:src/app/LifecycleManager.js
FN:14,(anonymous_0)
FN:40,(anonymous_1)
FN:44,(anonymous_2)
FN:50,(anonymous_3)
FN:56,(anonymous_4)
FN:62,(anonymous_5)
FN:72,(anonymous_6)
FN:104,(anonymous_7)
FN:116,(anonymous_8)
FN:123,(anonymous_9)
FN:124,(anonymous_10)
FN:152,(anonymous_11)
FN:163,(anonymous_12)
FNF:13
FNH:0
FNDA:0,(anonymous_0)
FNDA:0,(anonymous_1)
FNDA:0,(anonymous_2)
FNDA:0,(anonymous_3)
FNDA:0,(anonymous_4)
FNDA:0,(anonymous_5)
FNDA:0,(anonymous_6)
FNDA:0,(anonymous_7)
FNDA:0,(anonymous_8)
FNDA:0,(anonymous_9)
FNDA:0,(anonymous_10)
FNDA:0,(anonymous_11)
FNDA:0,(anonymous_12)
DA:6,0
DA:15,0
DA:16,0
DA:17,0
DA:26,0
DA:33,0
DA:41,0
DA:44,0
DA:45,0
DA:46,0
DA:50,0
DA:51,0
DA:52,0
DA:56,0
DA:57,0
DA:58,0
DA:62,0
DA:63,0
DA:64,0
DA:73,0
DA:74,0
DA:75,0
DA:78,0
DA:80,0
DA:83,0
DA:86,0
DA:87,0
DA:90,0
DA:93,0
DA:95,0
DA:96,0
DA:105,0
DA:106,0
DA:109,0
DA:111,0
DA:113,0
DA:116,0
DA:117,0
DA:118,0
DA:122,0
DA:123,0
DA:124,0
DA:125,0
DA:126,0
DA:127,0
DA:133,0
DA:134,0
DA:137,0
DA:138,0
DA:141,0
DA:143,0
DA:144,0
DA:153,0
DA:154,0
DA:155,0
DA:156,0
DA:164,0
DA:176,0
LF:58
LH:0
BRDA:14,0,0,0
BRDA:41,1,0,0
BRDA:41,1,1,0
BRDA:73,2,0,0
BRDA:73,2,1,0
BRDA:105,3,0,0
BRDA:105,3,1,0
BRDA:105,4,0,0
BRDA:105,4,1,0
BRDA:122,5,0,0
BRDA:122,5,1,0
BRDA:126,6,0,0
BRDA:126,6,1,0
BRDA:169,7,0,0
BRDA:169,7,1,0
BRF:15
BRH:0
end_of_record
TN:
SF:src/audit/AuditLogger.js
FN:65,(anonymous_0)
FN:83,(anonymous_1)
FN:133,(anonymous_2)
FN:179,(anonymous_3)
FN:193,(anonymous_4)
FN:207,(anonymous_5)
FN:221,(anonymous_6)
FN:235,(anonymous_7)
FN:249,(anonymous_8)
FNF:9
FNH:0
FNDA:0,(anonymous_0)
FNDA:0,(anonymous_1)
FNDA:0,(anonymous_2)
FNDA:0,(anonymous_3)
FNDA:0,(anonymous_4)
FNDA:0,(anonymous_5)
FNDA:0,(anonymous_6)
FNDA:0,(anonymous_7)
FNDA:0,(anonymous_8)
DA:8,0
DA:9,0
DA:10,0
DA:11,0
DA:12,0
DA:17,0
DA:66,0
DA:76,0
DA:77,0
DA:81,0
DA:84,0
DA:85,0
DA:90,0
DA:93,0
DA:103,0
DA:104,0
DA:110,0
DA:116,0
DA:134,0
DA:136,0
DA:161,0
DA:163,0
DA:165,0
DA:169,0
DA:180,0
DA:194,0
DA:208,0
DA:222,0
DA:236,0
DA:250,0
DA:259,0
DA:260,0
LF:32
LH:0
BRDA:65,0,0,0
BRDA:67,1,0,0
BRDA:67,1,1,0
BRDA:67,1,2,0
BRDA:68,2,0,0
BRDA:68,2,1,0
BRDA:70,3,0,0
BRDA:70,3,1,0
BRDA:72,4,0,0
BRDA:72,4,1,0
BRDA:72,4,2,0
BRDA:76,5,0,0
BRDA:76,5,1,0
BRDA:83,6,0,0
BRDA:83,6,1,0
BRDA:85,7,0,0
BRDA:85,7,1,0
BRDA:103,8,0,0
BRDA:103,8,1,0
BRDA:137,9,0,0
BRDA:137,9,1,0
BRDA:138,10,0,0
BRDA:138,10,1,0
BRDA:151,11,0,0
BRDA:151,11,1,0
BRDA:154,12,0,0
BRDA:154,12,1,0
BRDA:157,13,0,0
BRDA:157,13,1,0
BRDA:161,14,0,0
BRDA:161,14,1,0
BRDA:210,15,0,0
BRDA:210,15,1,0
BRDA:224,16,0,0
BRDA:224,16,1,0
BRDA:238,17,0,0
BRDA:238,17,1,0
BRF:37
BRH:0
end_of_record
TN:
SF:src/audit/AuditMiddleware.js
FN:30,(anonymous_0)
FN:48,(anonymous_1)
FN:61,(anonymous_2)
FN:63,(anonymous_3)
FN:68,(anonymous_4)
FN:81,(anonymous_5)
FN:90,(anonymous_6)
FN:114,(anonymous_7)
FN:129,(anonymous_8)
FNF:9
FNH:0
FNDA:0,(anonymous_0)
FNDA:0,(anonymous_1)
FNDA:0,(anonymous_2)
FNDA:0,(anonymous_3)
FNDA:0,(anonymous_4)
FNDA:0,(anonymous_5)
FNDA:0,(anonymous_6)
FNDA:0,(anonymous_7)
FNDA:0,(anonymous_8)
DA:8,0
DA:9,0
DA:10,0
DA:32,0
DA:35,0
DA:36,0
DA:39,0
DA:42,0
DA:45,0
DA:48,0
DA:49,0
DA:61,0
DA:63,0
DA:64,0
DA:68,0
DA:69,0
DA:72,0
DA:81,0
DA:82,0
DA:83,0
DA:86,0
DA:88,0
DA:90,0
DA:91,0
DA:93,0
DA:95,0
DA:96,0
DA:98,0
DA:101,0
DA:105,0
DA:114,0
DA:115,0
DA:117,0
DA:118,0
DA:119,0
DA:123,0
DA:129,0
DA:131,0
DA:132,0
DA:136,0
DA:138,0
DA:140,0
DA:143,0
DA:146,0
DA:149,0
DA:158,0
DA:165,0
DA:182,0
DA:185,0
DA:188,0
DA:218,0
DA:224,0
LF:52
LH:0
BRDA:30,0,0,0
BRDA:32,1,0,0
BRDA:32,1,1,0
BRDA:35,2,0,0
BRDA:35,2,1,0
BRDA:36,3,0,0
BRDA:36,3,1,0
BRDA:39,4,0,0
BRDA:39,4,1,0
BRDA:45,5,0,0
BRDA:45,5,1,0
BRDA:48,6,0,0
BRDA:48,6,1,0
BRDA:63,7,0,0
BRDA:63,7,1,0
BRDA:68,8,0,0
BRDA:68,8,1,0
BRDA:68,9,0,0
BRDA:68,9,1,0
BRDA:82,10,0,0
BRDA:82,10,1,0
BRDA:82,11,0,0
BRDA:82,11,1,0
BRDA:86,12,0,0
BRDA:86,12,1,0
BRDA:93,13,0,0
BRDA:93,13,1,0
BRDA:93,14,0,0
BRDA:93,14,1,0
BRDA:96,15,0,0
BRDA:96,15,1,0
BRDA:96,16,0,0
BRDA:96,16,1,0
BRDA:118,17,0,0
BRDA:118,17,1,0
BRDA:131,18,0,0
BRDA:131,18,1,0
BRDA:154,19,0,0
BRDA:154,19,1,0
BRDA:201,20,0,0
BRDA:201,20,1,0
BRDA:206,21,0,0
BRDA:206,21,1,0
BRF:43
BRH:0
end_of_record
TN:
SF:src/audit/AuditService.js
FN:23,(anonymous_0)
FN:69,(anonymous_1)
FN:120,(anonymous_2)
FN:207,(anonymous_3)
FN:263,(anonymous_4)
FN:268,(anonymous_5)
FN:273,(anonymous_6)
FN:284,(anonymous_7)
FN:318,(anonymous_8)
FN:355,(anonymous_9)
FN:396,(anonymous_10)
FN:411,(anonymous_11)
FN:449,(anonymous_12)
FN:463,(anonymous_13)
FN:477,(anonymous_14)
FN:520,(anonymous_15)
FNF:16
FNH:0
FNDA:0,(anonymous_0)
FNDA:0,(anonymous_1)
FNDA:0,(anonymous_2)
FNDA:0,(anonymous_3)
FNDA:0,(anonymous_4)
FNDA:0,(anonymous_5)
FNDA:0,(anonymous_6)
FNDA:0,(anonymous_7)
FNDA:0,(anonymous_8)
FNDA:0,(anonymous_9)
FNDA:0,(anonymous_10)
FNDA:0,(anonymous_11)
FNDA:0,(anonymous_12)
FNDA:0,(anonymous_13)
FNDA:0,(anonymous_14)
FNDA:0,(anonymous_15)
DA:8,0
DA:9,0
DA:25,0
DA:28,0
DA:31,0
DA:34,0
DA:37,0
DA:58,0
DA:61,0
DA:70,0
DA:71,0
DA:74,0
DA:76,0
DA:78,0
DA:80,0
DA:81,0
DA:85,0
DA:87,0
DA:88,0
DA:90,0
DA:92,0
DA:97,0
DA:98,0
DA:101,0
DA:102,0
DA:104,0
DA:106,0
DA:109,0
DA:121,0
DA:124,0
DA:194,0
DA:197,0
DA:208,0
DA:211,0
DA:252,0
DA:255,0
DA:264,0
DA:265,0
DA:268,0
DA:269,0
DA:273,0
DA:274,0
DA:285,0
DA:286,0
DA:289,0
DA:290,0
DA:292,0
DA:293,0
DA:295,0
DA:301,0
DA:304,0
DA:305,0
DA:306,0
DA:319,0
DA:320,0
DA:323,0
DA:324,0
DA:327,0
DA:329,0
DA:331,0
DA:332,0
DA:334,0
DA:337,0
DA:338,0
DA:341,0
DA:343,0
DA:344,0
DA:356,0
DA:358,0
DA:366,0
DA:367,0
DA:370,0
DA:371,0
DA:374,0
DA:377,0
DA:378,0
DA:381,0
DA:385,0
DA:397,0
DA:398,0
DA:401,0
DA:402,0
DA:403,0
DA:405,0
DA:407,0
DA:411,0
DA:414,0
DA:416,0
DA:417,0
DA:423,0
DA:430,0
DA:432,0
DA:437,0
DA:450,0
DA:464,0
DA:478,0
DA:479,0
DA:482,0
DA:484,0
DA:486,0
DA:487,0
DA:489,0
DA:490,0
DA:493,0
DA:495,0
DA:498,0
DA:500,0
DA:501,0
DA:505,0
DA:507,0
DA:511,0
DA:522,0
DA:523,0
DA:524,0
DA:528,0
DA:530,0
DA:531,0
DA:535,0
LF:118
LH:0
BRDA:23,0,0,0
BRDA:28,1,0,0
BRDA:28,1,1,0
BRDA:39,2,0,0
BRDA:39,2,1,0
BRDA:42,3,0,0
BRDA:42,3,1,0
BRDA:48,4,0,0
BRDA:48,4,1,0
BRDA:51,5,0,0
BRDA:51,5,1,0
BRDA:54,6,0,0
BRDA:54,6,1,0
BRDA:70,7,0,0
BRDA:70,7,1,0
BRDA:76,8,0,0
BRDA:76,8,1,0
BRDA:76,9,0,0
BRDA:76,9,1,0
BRDA:80,10,0,0
BRDA:80,10,1,0
BRDA:85,11,0,0
BRDA:85,11,1,0
BRDA:88,12,0,0
BRDA:88,12,1,0
BRDA:97,13,0,0
BRDA:97,13,1,0
BRDA:264,14,0,0
BRDA:264,14,1,0
BRDA:285,15,0,0
BRDA:285,15,1,0
BRDA:304,16,0,0
BRDA:304,16,1,0
BRDA:319,17,0,0
BRDA:319,17,1,0
BRDA:323,18,0,0
BRDA:323,18,1,0
BRDA:327,19,0,0
BRDA:327,19,1,0
BRDA:327,20,0,0
BRDA:327,20,1,0
BRDA:329,21,0,0
BRDA:329,21,1,0
BRDA:332,22,0,0
BRDA:332,22,1,0
BRDA:341,23,0,0
BRDA:341,23,1,0
BRDA:360,24,0,0
BRDA:360,24,1,0
BRDA:361,25,0,0
BRDA:361,25,1,0
BRDA:361,25,2,0
BRDA:362,26,0,0
BRDA:362,26,1,0
BRDA:362,26,2,0
BRDA:366,27,0,0
BRDA:366,27,1,0
BRDA:370,28,0,0
BRDA:370,28,1,0
BRDA:396,29,0,0
BRDA:396,30,0,0
BRDA:397,31,0,0
BRDA:397,31,1,0
BRDA:402,32,0,0
BRDA:402,32,1,0
BRDA:402,33,0,0
BRDA:402,33,1,0
BRDA:403,34,0,0
BRDA:403,35,0,0
BRDA:403,36,0,0
BRDA:405,37,0,0
BRDA:405,37,1,0
BRDA:411,38,0,0
BRDA:411,38,1,0
BRDA:414,39,0,0
BRDA:414,39,1,0
BRDA:449,40,0,0
BRDA:463,41,0,0
BRDA:477,42,0,0
BRDA:478,43,0,0
BRDA:478,43,1,0
BRDA:486,44,0,0
BRDA:486,44,1,0
BRDA:486,45,0,0
BRDA:486,45,1,0
BRDA:489,46,0,0
BRDA:489,46,1,0
BRDA:493,47,0,0
BRDA:493,47,1,0
BRDA:498,48,0,0
BRDA:498,48,1,0
BRDA:522,49,0,0
BRDA:522,49,1,0
BRF:93
BRH:0
end_of_record
TN:
SF:src/audit/index.js
FN:18,createLogger
FN:28,createMiddleware
FN:38,createService
FNF:3
FNH:0
FNDA:0,createLogger
FNDA:0,createMiddleware
FNDA:0,createService
DA:8,0
DA:9,0
DA:10,0
DA:19,0
DA:29,0
DA:39,0
DA:42,0
LF:7
LH:0
BRDA:18,0,0,0
BRDA:28,1,0,0
BRDA:38,2,0,0
BRF:3
BRH:0
end_of_record
TN:
SF:src/auth/AuthService.js
FN:12,(anonymous_0)
FN:24,(anonymous_1)
FN:88,(anonymous_2)
FN:148,(anonymous_3)
FN:166,(anonymous_4)
FN:179,(anonymous_5)
FNF:6
FNH:0
FNDA:0,(anonymous_0)
FNDA:0,(anonymous_1)
FNDA:0,(anonymous_2)
FNDA:0,(anonymous_3)
FNDA:0,(anonymous_4)
FNDA:0,(anonymous_5)
DA:6,0
DA:7,0
DA:8,0
DA:9,0
DA:13,0
DA:14,0
DA:15,0
DA:16,0
DA:25,0
DA:26,0
DA:29,0
DA:30,0
DA:34,0
DA:35,0
DA:36,0
DA:40,0
DA:41,0
DA:42,0
DA:46,0
DA:47,0
DA:50,0
DA:59,0
DA:61,0
DA:67,0
DA:75,0
DA:79,0
DA:89,0
DA:90,0
DA:93,0
DA:94,0
DA:98,0
DA:99,0
DA:100,0
DA:104,0
DA:105,0
DA:106,0
DA:110,0
DA:111,0
DA:115,0
DA:120,0
DA:122,0
DA:127,0
DA:135,0
DA:139,0
DA:149,0
DA:156,0
DA:167,0
DA:168,0
DA:170,0
DA:180,0
DA:181,0
DA:185,0
LF:52
LH:0
BRDA:29,0,0,0
BRDA:29,0,1,0
BRDA:29,1,0,0
BRDA:29,1,1,0
BRDA:29,1,2,0
BRDA:35,2,0,0
BRDA:35,2,1,0
BRDA:41,3,0,0
BRDA:41,3,1,0
BRDA:93,4,0,0
BRDA:93,4,1,0
BRDA:93,5,0,0
BRDA:93,5,1,0
BRDA:99,6,0,0
BRDA:99,6,1,0
BRDA:105,7,0,0
BRDA:105,7,1,0
BRDA:110,8,0,0
BRDA:110,8,1,0
BRF:19
BRH:0
end_of_record
TN:
SF:src/auth/BaseAuthService.js
FNF:0
FNH:0
LF:0
LH:0
BRF:0
BRH:0
end_of_record
TN:
SF:src/auth/OAuth2Server.js
FNF:0
FNH:0
LF:0
LH:0
BRF:0
BRH:0
end_of_record
TN:
SF:src/auth/OAuth2Service.js
FNF:0
FNH:0
LF:0
LH:0
BRF:0
BRH:0
end_of_record
TN:
SF:src/auth/authMiddleware.js
FN:15,createAuthMiddleware
FN:21,(anonymous_1)
FN:72,getTokenFromRequest
FNF:3
FNH:2
FNDA:9,createAuthMiddleware
FNDA:7,(anonymous_1)
FNDA:0,getTokenFromRequest
DA:6,1
DA:7,1
DA:8,1
DA:19,9
DA:21,9
DA:22,7
DA:24,7
DA:26,7
DA:27,2
DA:28,1
DA:30,1
DA:34,5
DA:35,5
DA:38,4
DA:39,4
DA:40,1
DA:44,3
DA:45,1
DA:49,2
DA:50,1
DA:54,1
DA:55,1
DA:57,1
DA:59,5
DA:60,4
DA:62,1
DA:74,0
DA:75,0
DA:76,0
DA:80,0
DA:81,0
DA:85,0
DA:86,0
DA:89,0
DA:92,1
LF:35
LH:27
BRDA:15,0,0,7
BRDA:17,1,0,8
BRDA:18,2,0,8
BRDA:26,3,0,2
BRDA:26,3,1,5
BRDA:27,4,0,1
BRDA:27,4,1,1
BRDA:39,5,0,1
BRDA:39,5,1,3
BRDA:44,6,0,1
BRDA:44,6,1,2
BRDA:49,7,0,1
BRDA:49,7,1,1
BRDA:49,8,0,2
BRDA:49,8,1,1
BRDA:59,9,0,4
BRDA:59,9,1,1
BRDA:75,10,0,0
BRDA:75,10,1,0
BRDA:75,11,0,0
BRDA:75,11,1,0
BRDA:80,12,0,0
BRDA:80,12,1,0
BRDA:80,13,0,0
BRDA:80,13,1,0
BRDA:85,14,0,0
BRDA:85,14,1,0
BRDA:85,15,0,0
BRDA:85,15,1,0
BRF:29
BRH:17
end_of_record
TN:
SF:src/auth/authRoutes.js
FN:68,createAuthRoutes
FN:73,(anonymous_1)
FN:101,(anonymous_2)
FN:129,(anonymous_3)
FNF:4
FNH:0
FNDA:0,createAuthRoutes
FNDA:0,(anonymous_1)
FNDA:0,(anonymous_2)
FNDA:0,(anonymous_3)
DA:5,0
DA:6,0
DA:7,0
DA:8,0
DA:11,0
DA:27,0
DA:43,0
DA:69,0
DA:70,0
DA:73,0
DA:74,0
DA:76,0
DA:79,0
DA:82,0
DA:88,0
DA:89,0
DA:101,0
DA:102,0
DA:104,0
DA:107,0
DA:110,0
DA:116,0
DA:117,0
DA:129,0
DA:130,0
DA:132,0
DA:133,0
DA:134,0
DA:138,0
DA:143,0
DA:144,0
DA:151,0
DA:154,0
LF:33
LH:0
BRDA:88,0,0,0
BRDA:88,0,1,0
BRDA:116,1,0,0
BRDA:116,1,1,0
BRDA:133,2,0,0
BRDA:133,2,1,0
BRDA:143,3,0,0
BRDA:143,3,1,0
BRF:8
BRH:0
end_of_record
TN:
SF:src/auth/index.js
FN:14,(anonymous_0)
FN:33,createAuthModule
FNF:2
FNH:0
FNDA:0,(anonymous_0)
FNDA:0,createAuthModule
DA:6,0
DA:7,0
DA:8,0
DA:9,0
DA:10,0
DA:11,0
DA:14,0
DA:15,0
DA:16,0
DA:35,0
DA:38,0
DA:41,0
DA:43,0
DA:50,0
LF:14
LH:0
BRF:0
BRH:0
end_of_record
TN:
SF:src/auth/jwt.js
FN:11,(anonymous_0)
FN:25,(anonymous_1)
FN:45,(anonymous_2)
FNF:3
FNH:3
FNDA:6,(anonymous_0)
FNDA:7,(anonymous_1)
FNDA:3,(anonymous_2)
DA:6,2
DA:7,2
DA:8,2
DA:12,6
DA:13,6
DA:14,6
DA:15,1
DA:17,5
DA:18,5
DA:20,1
DA:21,1
DA:26,7
DA:27,7
DA:28,7
DA:29,2
DA:31,5
DA:32,5
DA:34,5
DA:35,1
DA:37,4
DA:38,2
DA:40,2
DA:41,2
DA:46,3
DA:47,3
DA:49,1
DA:50,1
DA:51,1
DA:52,1
DA:54,2
DA:55,2
DA:60,2
LF:32
LH:32
BRDA:13,0,0,6
BRDA:13,0,1,6
BRDA:13,0,2,6
BRDA:14,1,0,1
BRDA:14,1,1,5
BRDA:14,2,0,6
BRDA:14,2,1,5
BRDA:27,3,0,7
BRDA:27,3,1,7
BRDA:27,3,2,7
BRDA:28,4,0,2
BRDA:28,4,1,5
BRDA:28,5,0,7
BRDA:28,5,1,5
BRDA:34,6,0,1
BRDA:34,6,1,4
BRDA:37,7,0,2
BRDA:37,7,1,2
BRF:18
BRH:18
end_of_record
TN:
SF:src/auth/oauthRoutes.js
FN:33,(anonymous_0)
FN:36,(anonymous_1)
FN:74,(anonymous_2)
FN:124,(anonymous_3)
FN:143,(anonymous_4)
FNF:5
FNH:0
FNDA:0,(anonymous_0)
FNDA:0,(anonymous_1)
FNDA:0,(anonymous_2)
FNDA:0,(anonymous_3)
FNDA:0,(anonymous_4)
DA:6,0
DA:7,0
DA:8,0
DA:11,0
DA:33,0
DA:34,0
DA:37,0
DA:44,0
DA:47,0
DA:48,0
DA:52,0
DA:53,0
DA:57,0
DA:60,0
DA:61,0
DA:62,0
DA:63,0
DA:66,0
DA:68,0
DA:69,0
DA:75,0
DA:77,0
DA:80,0
DA:82,0
DA:83,0
DA:85,0
DA:88,0
DA:89,0
DA:91,0
DA:95,0
DA:98,0
DA:99,0
DA:101,0
DA:104,0
DA:108,0
DA:111,0
DA:116,0
DA:118,0
DA:119,0
DA:125,0
DA:126,0
DA:127,0
DA:128,0
DA:131,0
DA:133,0
DA:135,0
DA:137,0
DA:138,0
DA:144,0
DA:145,0
DA:146,0
DA:147,0
DA:150,0
DA:151,0
DA:152,0
DA:153,0
DA:156,0
DA:165,0
DA:166,0
DA:172,0
LF:60
LH:0
BRDA:47,0,0,0
BRDA:47,0,1,0
BRDA:47,1,0,0
BRDA:47,1,1,0
BRDA:47,1,2,0
BRDA:52,2,0,0
BRDA:52,2,1,0
BRDA:62,3,0,0
BRDA:62,3,1,0
BRDA:80,4,0,0
BRDA:80,4,1,0
BRDA:80,4,2,0
BRDA:80,4,3,0
BRDA:80,4,4,0
BRDA:82,5,0,0
BRDA:82,5,1,0
BRDA:82,6,0,0
BRDA:82,6,1,0
BRDA:88,7,0,0
BRDA:88,7,1,0
BRDA:88,8,0,0
BRDA:88,8,1,0
BRDA:98,9,0,0
BRDA:98,9,1,0
BRDA:127,10,0,0
BRDA:127,10,1,0
BRDA:146,11,0,0
BRDA:146,11,1,0
BRDA:151,12,0,0
BRDA:151,12,1,0
BRF:30
BRH:0
end_of_record
TN:
SF:src/auth/schemas.js
FNF:0
FNH:0
LF:0
LH:0
BRF:0
BRH:0
end_of_record
TN:
SF:src/cache/CacheFactory.js
FN:33,(anonymous_0)
FN:56,(anonymous_1)
FN:58,(anonymous_2)
FN:59,(anonymous_3)
FN:60,(anonymous_4)
FN:61,(anonymous_5)
FN:62,(anonymous_6)
FN:63,(anonymous_7)
FN:64,(anonymous_8)
FNF:9
FNH:0
FNDA:0,(anonymous_0)
FNDA:0,(anonymous_1)
FNDA:0,(anonymous_2)
FNDA:0,(anonymous_3)
FNDA:0,(anonymous_4)
FNDA:0,(anonymous_5)
FNDA:0,(anonymous_6)
FNDA:0,(anonymous_7)
FNDA:0,(anonymous_8)
DA:8,0
DA:9,0
DA:10,0
DA:15,0
DA:35,0
DA:37,0
DA:39,0
DA:41,0
DA:43,0
DA:45,0
DA:46,0
DA:57,0
DA:58,0
DA:59,0
DA:60,0
DA:61,0
DA:62,0
DA:63,0
DA:64,0
DA:69,0
LF:20
LH:0
BRDA:33,0,0,0
BRDA:35,1,0,0
BRDA:35,1,1,0
BRDA:35,1,2,0
BRDA:37,2,0,0
BRDA:37,2,1,0
BRDA:37,2,2,0
BRDA:37,2,3,0
BRF:8
BRH:0
end_of_record
TN:
SF:src/cache/CacheManager.js
FN:21,(anonymous_0)
FN:52,(anonymous_1)
FN:74,(anonymous_2)
FN:94,(anonymous_3)
FN:124,(anonymous_4)
FN:139,(anonymous_5)
FN:152,(anonymous_6)
FN:164,(anonymous_7)
FN:175,(anonymous_8)
FN:186,(anonymous_9)
FN:197,(anonymous_10)
FN:208,(anonymous_11)
FN:218,(anonymous_12)
FN:225,(anonymous_13)
FNF:14
FNH:0
FNDA:0,(anonymous_0)
FNDA:0,(anonymous_1)
FNDA:0,(anonymous_2)
FNDA:0,(anonymous_3)
FNDA:0,(anonymous_4)
FNDA:0,(anonymous_5)
FNDA:0,(anonymous_6)
FNDA:0,(anonymous_7)
FNDA:0,(anonymous_8)
FNDA:0,(anonymous_9)
FNDA:0,(anonymous_10)
FNDA:0,(anonymous_11)
FNDA:0,(anonymous_12)
FNDA:0,(anonymous_13)
DA:8,0
DA:9,0
DA:23,0
DA:26,0
DA:29,0
DA:30,0
DA:31,0
DA:36,0
DA:37,0
DA:42,0
DA:53,0
DA:54,0
DA:55,0
DA:56,0
DA:57,0
DA:59,0
DA:64,0
DA:75,0
DA:78,0
DA:80,0
DA:81,0
DA:82,0
DA:85,0
DA:95,0
DA:96,0
DA:97,0
DA:100,0
DA:102,0
DA:103,0
DA:107,0
DA:108,0
DA:111,0
DA:112,0
DA:114,0
DA:125,0
DA:126,0
DA:140,0
DA:141,0
DA:142,0
DA:153,0
DA:154,0
DA:165,0
DA:166,0
DA:176,0
DA:177,0
DA:187,0
DA:188,0
DA:198,0
DA:199,0
DA:209,0
DA:210,0
DA:219,0
DA:226,0
DA:227,0
DA:228,0
DA:229,0
DA:232,0
DA:234,0
DA:241,0
DA:242,0
DA:246,0
LF:61
LH:0
BRDA:21,0,0,0
BRDA:26,1,0,0
BRDA:26,1,1,0
BRDA:29,2,0,0
BRDA:29,2,1,0
BRDA:29,3,0,0
BRDA:29,3,1,0
BRDA:36,4,0,0
BRDA:36,4,1,0
BRDA:52,5,0,0
BRDA:56,6,0,0
BRDA:56,6,1,0
BRDA:75,7,0,0
BRDA:75,7,1,0
BRDA:80,8,0,0
BRDA:80,8,1,0
BRDA:95,9,0,0
BRDA:95,9,1,0
BRDA:102,10,0,0
BRDA:102,10,1,0
BRDA:107,11,0,0
BRDA:107,11,1,0
BRDA:139,12,0,0
BRDA:210,13,0,0
BRDA:210,13,1,0
BRDA:228,14,0,0
BRDA:228,14,1,0
BRF:27
BRH:0
end_of_record
TN:
SF:src/cache/MemoryCache.js
FN:22,(anonymous_0)
FN:45,(anonymous_1)
FN:59,(anonymous_2)
FN:87,(anonymous_3)
FN:114,(anonymous_4)
FN:128,(anonymous_5)
FN:149,(anonymous_6)
FN:159,(anonymous_7)
FN:172,(anonymous_8)
FN:184,(anonymous_9)
FN:196,(anonymous_10)
FN:210,(anonymous_11)
FN:225,(anonymous_12)
FN:246,(anonymous_13)
FNF:14
FNH:0
FNDA:0,(anonymous_0)
FNDA:0,(anonymous_1)
FNDA:0,(anonymous_2)
FNDA:0,(anonymous_3)
FNDA:0,(anonymous_4)
FNDA:0,(anonymous_5)
FNDA:0,(anonymous_6)
FNDA:0,(anonymous_7)
FNDA:0,(anonymous_8)
FNDA:0,(anonymous_9)
FNDA:0,(anonymous_10)
FNDA:0,(anonymous_11)
FNDA:0,(anonymous_12)
FNDA:0,(anonymous_13)
DA:8,0
DA:24,0
DA:27,0
DA:30,0
DA:33,0
DA:36,0
DA:44,0
DA:45,0
DA:46,0
DA:50,0
DA:60,0
DA:62,0
DA:63,0
DA:64,0
DA:68,0
DA:69,0
DA:70,0
DA:71,0
DA:74,0
DA:75,0
DA:89,0
DA:90,0
DA:93,0
DA:100,0
DA:101,0
DA:104,0
DA:105,0
DA:115,0
DA:116,0
DA:117,0
DA:119,0
DA:129,0
DA:131,0
DA:132,0
DA:136,0
DA:137,0
DA:138,0
DA:141,0
DA:150,0
DA:151,0
DA:161,0
DA:164,0
DA:174,0
DA:176,0
DA:185,0
DA:197,0
DA:211,0
DA:213,0
DA:214,0
DA:215,0
DA:226,0
DA:227,0
DA:230,0
DA:231,0
DA:232,0
DA:233,0
DA:238,0
DA:239,0
DA:247,0
DA:248,0
DA:249,0
DA:254,0
LF:62
LH:0
BRDA:22,0,0,0
BRDA:27,1,0,0
BRDA:27,1,1,0
BRDA:27,1,2,0
BRDA:30,2,0,0
BRDA:30,2,1,0
BRDA:30,2,2,0
BRDA:33,3,0,0
BRDA:33,3,1,0
BRDA:33,3,2,0
BRDA:44,4,0,0
BRDA:44,4,1,0
BRDA:62,5,0,0
BRDA:62,5,1,0
BRDA:68,6,0,0
BRDA:68,6,1,0
BRDA:68,7,0,0
BRDA:68,7,1,0
BRDA:87,8,0,0
BRDA:89,9,0,0
BRDA:89,9,1,0
BRDA:90,10,0,0
BRDA:90,10,1,0
BRDA:100,11,0,0
BRDA:100,11,1,0
BRDA:100,12,0,0
BRDA:100,12,1,0
BRDA:116,13,0,0
BRDA:116,13,1,0
BRDA:131,14,0,0
BRDA:131,14,1,0
BRDA:136,15,0,0
BRDA:136,15,1,0
BRDA:136,16,0,0
BRDA:136,16,1,0
BRDA:188,17,0,0
BRDA:188,17,1,0
BRDA:214,18,0,0
BRDA:214,18,1,0
BRDA:214,19,0,0
BRDA:214,19,1,0
BRDA:231,20,0,0
BRDA:231,20,1,0
BRDA:238,21,0,0
BRDA:238,21,1,0
BRDA:247,22,0,0
BRDA:247,22,1,0
BRF:47
BRH:0
end_of_record
TN:
SF:src/cache/RedisCache.js
FN:26,(anonymous_0)
FN:55,(anonymous_1)
FN:61,(anonymous_2)
FN:65,(anonymous_3)
FN:89,(anonymous_4)
FN:125,(anonymous_5)
FN:158,(anonymous_6)
FN:182,(anonymous_7)
FN:200,(anonymous_8)
FN:229,(anonymous_9)
FN:235,(anonymous_10)
FN:252,(anonymous_11)
FN:273,(anonymous_12)
FN:284,(anonymous_13)
FN:298,(anonymous_14)
FN:313,(anonymous_15)
FNF:16
FNH:0
FNDA:0,(anonymous_0)
FNDA:0,(anonymous_1)
FNDA:0,(anonymous_2)
FNDA:0,(anonymous_3)
FNDA:0,(anonymous_4)
FNDA:0,(anonymous_5)
FNDA:0,(anonymous_6)
FNDA:0,(anonymous_7)
FNDA:0,(anonymous_8)
FNDA:0,(anonymous_9)
FNDA:0,(anonymous_10)
FNDA:0,(anonymous_11)
FNDA:0,(anonymous_12)
FNDA:0,(anonymous_13)
FNDA:0,(anonymous_14)
FNDA:0,(anonymous_15)
DA:8,0
DA:9,0
DA:28,0
DA:37,0
DA:40,0
DA:48,0
DA:49,0
DA:56,0
DA:57,0
DA:61,0
DA:62,0
DA:65,0
DA:66,0
DA:71,0
DA:79,0
DA:90,0
DA:91,0
DA:93,0
DA:94,0
DA:95,0
DA:99,0
DA:100,0
DA:101,0
DA:102,0
DA:104,0
DA:105,0
DA:108,0
DA:112,0
DA:126,0
DA:127,0
DA:130,0
DA:135,0
DA:136,0
DA:138,0
DA:141,0
DA:142,0
DA:144,0
DA:148,0
DA:159,0
DA:160,0
DA:162,0
DA:163,0
DA:166,0
DA:168,0
DA:172,0
DA:183,0
DA:184,0
DA:185,0
DA:187,0
DA:191,0
DA:201,0
DA:202,0
DA:204,0
DA:206,0
DA:207,0
DA:210,0
DA:213,0
DA:214,0
DA:217,0
DA:220,0
DA:230,0
DA:231,0
DA:234,0
DA:235,0
DA:238,0
DA:240,0
DA:243,0
DA:253,0
DA:254,0
DA:255,0
DA:256,0
DA:258,0
DA:261,0
DA:264,0
DA:274,0
DA:285,0
DA:299,0
DA:300,0
DA:301,0
DA:303,0
DA:306,0
DA:314,0
DA:315,0
DA:316,0
DA:321,0
LF:85
LH:0
BRDA:26,0,0,0
BRDA:29,1,0,0
BRDA:29,1,1,0
BRDA:29,1,2,0
BRDA:30,2,0,0
BRDA:30,2,1,0
BRDA:30,2,2,0
BRDA:31,3,0,0
BRDA:31,3,1,0
BRDA:32,4,0,0
BRDA:32,4,1,0
BRDA:32,4,2,0
BRDA:33,5,0,0
BRDA:33,5,1,0
BRDA:33,5,2,0
BRDA:37,6,0,0
BRDA:37,6,1,0
BRDA:37,6,2,0
BRDA:52,7,0,0
BRDA:52,7,1,0
BRDA:93,8,0,0
BRDA:93,8,1,0
BRDA:125,9,0,0
BRDA:127,10,0,0
BRDA:127,10,1,0
BRDA:130,11,0,0
BRDA:130,11,1,0
BRDA:135,12,0,0
BRDA:135,12,1,0
BRDA:162,13,0,0
BRDA:162,13,1,0
BRDA:202,14,0,0
BRDA:202,14,1,0
BRDA:206,15,0,0
BRDA:206,15,1,0
BRDA:234,16,0,0
BRDA:234,16,1,0
BRDA:254,17,0,0
BRDA:254,17,1,0
BRDA:276,18,0,0
BRDA:276,18,1,0
BRDA:314,19,0,0
BRDA:314,19,1,0
BRF:43
BRH:0
end_of_record
TN:
SF:src/cache/index.js
FN:19,createCacheManager
FN:29,createCache
FNF:2
FNH:0
FNDA:0,createCacheManager
FNDA:0,createCache
DA:8,0
DA:9,0
DA:10,0
DA:11,0
DA:20,0
DA:30,0
DA:33,0
LF:7
LH:0
BRDA:19,0,0,0
BRDA:29,1,0,0
BRF:2
BRH:0
end_of_record
TN:
SF:src/controllers/authController.js
FN:5,(anonymous_0)
FN:11,(anonymous_1)
FN:56,(anonymous_2)
FN:114,(anonymous_3)
FN:158,(anonymous_4)
FN:200,(anonymous_5)
FNF:6
FNH:6
FNDA:17,(anonymous_0)
FNDA:4,(anonymous_1)
FNDA:4,(anonymous_2)
FNDA:2,(anonymous_3)
FNDA:3,(anonymous_4)
FNDA:3,(anonymous_5)
DA:1,1
DA:2,1
DA:6,17
DA:7,17
DA:8,17
DA:12,4
DA:13,4
DA:14,4
DA:15,1
DA:16,1
DA:26,1
DA:28,3
DA:29,1
DA:30,1
DA:37,2
DA:38,2
DA:39,2
DA:40,2
DA:41,2
DA:42,2
DA:43,2
DA:57,4
DA:58,4
DA:59,4
DA:60,1
DA:61,1
DA:71,1
DA:73,3
DA:74,1
DA:75,1
DA:85,1
DA:87,2
DA:88,1
DA:89,1
DA:96,1
DA:97,1
DA:98,1
DA:99,1
DA:100,1
DA:101,1
DA:115,2
DA:116,2
DA:117,1
DA:118,1
DA:128,1
DA:130,1
DA:131,1
DA:132,1
DA:133,1
DA:140,0
DA:141,0
DA:142,0
DA:143,0
DA:144,0
DA:145,0
DA:159,3
DA:160,3
DA:161,3
DA:162,0
DA:163,0
DA:173,0
DA:175,3
DA:176,1
DA:177,1
DA:183,2
DA:184,2
DA:185,2
DA:186,2
DA:187,2
DA:201,3
DA:202,3
DA:203,3
DA:204,0
DA:205,0
DA:215,0
DA:217,3
DA:218,1
DA:219,1
DA:225,2
DA:226,2
DA:227,2
DA:228,2
DA:229,2
DA:243,1
LF:84
LH:72
BRDA:14,0,0,1
BRDA:14,0,1,3
BRDA:14,1,0,4
BRDA:14,1,1,4
BRDA:14,1,2,3
BRDA:37,2,0,2
BRDA:37,2,1,0
BRDA:38,3,0,2
BRDA:38,3,1,0
BRDA:40,4,0,1
BRDA:40,4,1,1
BRDA:41,5,0,1
BRDA:41,5,1,1
BRDA:59,6,0,1
BRDA:59,6,1,3
BRDA:59,7,0,4
BRDA:59,7,1,4
BRDA:73,8,0,1
BRDA:73,8,1,2
BRDA:97,9,0,1
BRDA:97,9,1,0
BRDA:98,10,0,1
BRDA:98,10,1,0
BRDA:116,11,0,1
BRDA:116,11,1,1
BRDA:141,12,0,0
BRDA:141,12,1,0
BRDA:142,13,0,0
BRDA:142,13,1,0
BRDA:161,14,0,0
BRDA:161,14,1,3
BRDA:161,15,0,3
BRDA:161,15,1,3
BRDA:183,16,0,2
BRDA:183,16,1,0
BRDA:184,17,0,2
BRDA:184,17,1,0
BRDA:203,18,0,0
BRDA:203,18,1,3
BRDA:225,19,0,2
BRDA:225,19,1,0
BRDA:226,20,0,2
BRDA:226,20,1,0
BRF:43
BRH:29
end_of_record
TN:
SF:src/db/DatabaseManager.js
FN:19,(anonymous_0)
FN:34,(anonymous_1)
FN:83,(anonymous_2)
FN:107,(anonymous_3)
FN:123,(anonymous_4)
FN:147,(anonymous_5)
FN:167,(anonymous_6)
FN:183,(anonymous_7)
FN:204,(anonymous_8)
FN:237,(anonymous_9)
FNF:10
FNH:0
FNDA:0,(anonymous_0)
FNDA:0,(anonymous_1)
FNDA:0,(anonymous_2)
FNDA:0,(anonymous_3)
FNDA:0,(anonymous_4)
FNDA:0,(anonymous_5)
FNDA:0,(anonymous_6)
FNDA:0,(anonymous_7)
FNDA:0,(anonymous_8)
FNDA:0,(anonymous_9)
DA:8,0
DA:9,0
DA:10,0
DA:11,0
DA:20,0
DA:21,0
DA:22,0
DA:23,0
DA:24,0
DA:35,0
DA:37,0
DA:40,0
DA:41,0
DA:44,0
DA:47,0
DA:50,0
DA:51,0
DA:54,0
DA:61,0
DA:63,0
DA:71,0
DA:84,0
DA:85,0
DA:88,0
DA:89,0
DA:90,0
DA:93,0
DA:94,0
DA:96,0
DA:98,0
DA:108,0
DA:109,0
DA:110,0
DA:113,0
DA:124,0
DA:125,0
DA:128,0
DA:130,0
DA:131,0
DA:132,0
DA:135,0
DA:136,0
DA:148,0
DA:149,0
DA:152,0
DA:153,0
DA:154,0
DA:157,0
DA:168,0
DA:169,0
DA:172,0
DA:173,0
DA:174,0
DA:177,0
DA:184,0
DA:185,0
DA:186,0
DA:187,0
DA:189,0
DA:193,0
DA:194,0
DA:195,0
DA:205,0
DA:213,0
DA:214,0
DA:215,0
DA:216,0
DA:218,0
DA:222,0
DA:223,0
DA:238,0
DA:239,0
DA:241,0
DA:246,0
LF:74
LH:0
BRDA:19,0,0,0
BRDA:34,1,0,0
BRDA:50,2,0,0
BRDA:50,2,1,0
BRDA:83,3,0,0
BRDA:84,4,0,0
BRDA:84,4,1,0
BRDA:89,5,0,0
BRDA:89,5,1,0
BRDA:109,6,0,0
BRDA:109,6,1,0
BRDA:123,7,0,0
BRDA:124,8,0,0
BRDA:124,8,1,0
BRDA:130,9,0,0
BRDA:130,9,1,0
BRDA:147,10,0,0
BRDA:148,11,0,0
BRDA:148,11,1,0
BRDA:153,12,0,0
BRDA:153,12,1,0
BRDA:167,13,0,0
BRDA:168,14,0,0
BRDA:168,14,1,0
BRDA:173,15,0,0
BRDA:173,15,1,0
BRDA:214,16,0,0
BRDA:214,16,1,0
BRDA:222,17,0,0
BRDA:222,17,1,0
BRF:30
BRH:0
end_of_record
TN:
SF:src/db/ModelLoader.js
FN:19,(anonymous_0)
FN:30,(anonymous_1)
FN:84,(anonymous_2)
FNF:3
FNH:0
FNDA:0,(anonymous_0)
FNDA:0,(anonymous_1)
FNDA:0,(anonymous_2)
DA:8,0
DA:9,0
DA:10,0
DA:11,0
DA:20,0
DA:31,0
DA:33,0
DA:35,0
DA:37,0
DA:40,0
DA:41,0
DA:42,0
DA:44,0
DA:47,0
DA:49,0
DA:50,0
DA:51,0
DA:52,0
DA:54,0
DA:56,0
DA:57,0
DA:58,0
DA:59,0
DA:61,0
DA:64,0
DA:68,0
DA:70,0
DA:72,0
DA:73,0
DA:85,0
DA:87,0
DA:88,0
DA:89,0
DA:93,0
DA:96,0
DA:98,0
DA:99,0
DA:100,0
DA:101,0
DA:103,0
DA:105,0
DA:106,0
DA:107,0
DA:108,0
DA:110,0
DA:113,0
DA:115,0
DA:116,0
DA:121,0
LF:49
LH:0
BRDA:47,0,0,0
BRDA:47,0,1,0
BRDA:50,1,0,0
BRDA:50,1,1,0
BRDA:50,2,0,0
BRDA:50,2,1,0
BRDA:54,3,0,0
BRDA:54,3,1,0
BRDA:54,4,0,0
BRDA:54,4,1,0
BRDA:54,4,2,0
BRDA:87,5,0,0
BRDA:87,5,1,0
BRDA:96,6,0,0
BRDA:96,6,1,0
BRDA:99,7,0,0
BRDA:99,7,1,0
BRDA:99,8,0,0
BRDA:99,8,1,0
BRDA:103,9,0,0
BRDA:103,9,1,0
BRDA:103,10,0,0
BRDA:103,10,1,0
BRDA:103,10,2,0
BRF:24
BRH:0
end_of_record
TN:
SF:src/db/index.js
FN:20,createDatabaseManager
FN:37,(anonymous_1)
FN:38,(anonymous_2)
FN:39,(anonymous_3)
FN:40,(anonymous_4)
FN:41,(anonymous_5)
FN:42,(anonymous_6)
FNF:7
FNH:0
FNDA:0,createDatabaseManager
FNDA:0,(anonymous_1)
FNDA:0,(anonymous_2)
FNDA:0,(anonymous_3)
FNDA:0,(anonymous_4)
FNDA:0,(anonymous_5)
FNDA:0,(anonymous_6)
DA:8,0
DA:9,0
DA:12,0
DA:21,0
DA:25,0
DA:37,0
DA:38,0
DA:39,0
DA:40,0
DA:41,0
DA:42,0
LF:11
LH:0
BRDA:20,0,0,0
BRF:1
BRH:0
end_of_record
TN:
SF:src/db/adapters/BaseAdapter.js
FN:14,(anonymous_0)
FN:27,(anonymous_1)
FN:37,(anonymous_2)
FN:49,(anonymous_3)
FN:61,(anonymous_4)
FN:72,(anonymous_5)
FN:83,(anonymous_6)
FN:93,(anonymous_7)
FN:105,(anonymous_8)
FNF:9
FNH:0
FNDA:0,(anonymous_0)
FNDA:0,(anonymous_1)
FNDA:0,(anonymous_2)
FNDA:0,(anonymous_3)
FNDA:0,(anonymous_4)
FNDA:0,(anonymous_5)
FNDA:0,(anonymous_6)
FNDA:0,(anonymous_7)
FNDA:0,(anonymous_8)
DA:15,0
DA:16,0
DA:17,0
DA:18,0
DA:28,0
DA:38,0
DA:50,0
DA:62,0
DA:73,0
DA:84,0
DA:94,0
DA:95,0
DA:97,0
DA:106,0
DA:110,0
LF:15
LH:0
BRDA:83,0,0,0
BRDA:94,1,0,0
BRDA:94,1,1,0
BRF:3
BRH:0
end_of_record
TN:
SF:src/db/adapters/SequelizeAdapter.js
FN:18,(anonymous_0)
FN:30,(anonymous_1)
FN:47,(anonymous_2)
FN:80,(anonymous_3)
FN:96,(anonymous_4)
FN:113,(anonymous_5)
FN:130,(anonymous_6)
FN:147,(anonymous_7)
FN:164,(anonymous_8)
FN:183,(anonymous_9)
FN:204,(anonymous_10)
FN:259,(anonymous_11)
FN:290,(anonymous_12)
FNF:13
FNH:0
FNDA:0,(anonymous_0)
FNDA:0,(anonymous_1)
FNDA:0,(anonymous_2)
FNDA:0,(anonymous_3)
FNDA:0,(anonymous_4)
FNDA:0,(anonymous_5)
FNDA:0,(anonymous_6)
FNDA:0,(anonymous_7)
FNDA:0,(anonymous_8)
FNDA:0,(anonymous_9)
FNDA:0,(anonymous_10)
FNDA:0,(anonymous_11)
FNDA:0,(anonymous_12)
DA:8,0
DA:9,0
DA:10,0
DA:19,0
DA:20,0
DA:21,0
DA:31,0
DA:33,0
DA:47,0
DA:54,0
DA:55,0
DA:56,0
DA:58,0
DA:63,0
DA:65,0
DA:71,0
DA:81,0
DA:82,0
DA:83,0
DA:84,0
DA:85,0
DA:97,0
DA:98,0
DA:102,0
DA:105,0
DA:108,0
DA:111,0
DA:113,0
DA:114,0
DA:118,0
DA:120,0
DA:131,0
DA:148,0
DA:149,0
DA:152,0
DA:165,0
DA:166,0
DA:169,0
DA:170,0
DA:172,0
DA:173,0
DA:184,0
DA:185,0
DA:188,0
DA:189,0
DA:190,0
DA:192,0
DA:193,0
DA:205,0
DA:206,0
DA:209,0
DA:211,0
DA:212,0
DA:216,0
DA:217,0
DA:222,0
DA:223,0
DA:234,0
DA:235,0
DA:239,0
DA:240,0
DA:243,0
DA:244,0
DA:249,0
DA:260,0
DA:262,0
DA:280,0
DA:291,0
DA:293,0
DA:295,0
DA:297,0
DA:299,0
DA:300,0
DA:302,0
DA:303,0
DA:304,0
DA:308,0
DA:310,0
DA:311,0
DA:313,0
DA:314,0
DA:316,0
DA:317,0
DA:319,0
DA:320,0
DA:321,0
DA:322,0
DA:324,0
DA:325,0
DA:327,0
DA:334,0
LF:91
LH:0
BRDA:21,0,0,0
BRDA:21,0,1,0
BRDA:35,1,0,0
BRDA:35,1,1,0
BRDA:36,2,0,0
BRDA:36,2,1,0
BRDA:40,3,0,0
BRDA:40,3,1,0
BRDA:46,4,0,0
BRDA:46,4,1,0
BRDA:49,5,0,0
BRDA:49,5,1,0
BRDA:81,6,0,0
BRDA:81,6,1,0
BRDA:97,7,0,0
BRDA:97,7,1,0
BRDA:111,8,0,0
BRDA:111,8,1,0
BRDA:132,9,0,0
BRDA:132,9,1,0
BRDA:148,10,0,0
BRDA:148,10,1,0
BRDA:165,11,0,0
BRDA:165,11,1,0
BRDA:183,12,0,0
BRDA:184,13,0,0
BRDA:184,13,1,0
BRDA:211,14,0,0
BRDA:211,14,1,0
BRDA:216,15,0,0
BRDA:216,15,1,0
BRDA:222,16,0,0
BRDA:222,16,1,0
BRDA:234,17,0,0
BRDA:234,17,1,0
BRDA:239,18,0,0
BRDA:239,18,1,0
BRDA:243,19,0,0
BRDA:243,19,1,0
BRDA:260,20,0,0
BRDA:260,20,1,0
BRDA:280,21,0,0
BRDA:280,21,1,0
BRDA:293,22,0,0
BRDA:293,22,1,0
BRDA:293,23,0,0
BRDA:293,23,1,0
BRDA:297,24,0,0
BRDA:297,24,1,0
BRDA:302,25,0,0
BRDA:302,25,1,0
BRDA:308,26,0,0
BRDA:308,26,1,0
BRDA:308,26,2,0
BRDA:308,26,3,0
BRDA:308,26,4,0
BRDA:320,27,0,0
BRDA:320,27,1,0
BRF:58
BRH:0
end_of_record
TN:
SF:src/db/adapters/mariadbAdapter.js
FN:16,(anonymous_0)
FN:26,(anonymous_1)
FN:49,(anonymous_2)
FNF:3
FNH:0
FNDA:0,(anonymous_0)
FNDA:0,(anonymous_1)
FNDA:0,(anonymous_2)
DA:8,0
DA:17,0
DA:18,0
DA:27,0
DA:29,0
DA:30,0
DA:32,0
DA:36,0
DA:38,0
DA:51,0
DA:54,0
DA:62,0
LF:12
LH:0
BRDA:56,0,0,0
BRDA:56,0,1,0
BRDA:57,1,0,0
BRDA:57,1,1,0
BRF:4
BRH:0
end_of_record
TN:
SF:src/db/adapters/mysqlAdapter.js
FN:16,(anonymous_0)
FN:26,(anonymous_1)
FNF:2
FNH:0
FNDA:0,(anonymous_0)
FNDA:0,(anonymous_1)
DA:8,0
DA:17,0
DA:18,0
DA:27,0
DA:29,0
DA:30,0
DA:32,0
DA:36,0
DA:38,0
DA:43,0
LF:10
LH:0
BRF:0
BRH:0
end_of_record
TN:
SF:src/hooks/HookContext.js
FN:15,(anonymous_0)
FN:69,(anonymous_1)
FN:80,(anonymous_2)
FN:91,(anonymous_3)
FN:105,(anonymous_4)
FN:120,(anonymous_5)
FN:131,(anonymous_6)
FNF:7
FNH:0
FNDA:0,(anonymous_0)
FNDA:0,(anonymous_1)
FNDA:0,(anonymous_2)
FNDA:0,(anonymous_3)
FNDA:0,(anonymous_4)
FNDA:0,(anonymous_5)
FNDA:0,(anonymous_6)
DA:20,0
DA:26,0
DA:32,0
DA:38,0
DA:44,0
DA:50,0
DA:56,0
DA:70,0
DA:71,0
DA:81,0
DA:82,0
DA:92,0
DA:93,0
DA:94,0
DA:106,0
DA:112,0
DA:121,0
DA:122,0
DA:123,0
DA:132,0
DA:147,0
LF:21
LH:0
BRDA:15,0,0,0
BRDA:15,1,0,0
BRDA:105,2,0,0
BRDA:137,3,0,0
BRDA:137,3,1,0
BRF:5
BRH:0
end_of_record
TN:
SF:src/hooks/HookManager.js
FN:15,(anonymous_0)
FN:42,(anonymous_1)
FN:66,(anonymous_2)
FN:77,(anonymous_3)
FN:84,(anonymous_4)
FN:100,(anonymous_5)
FN:110,(anonymous_6)
FN:120,(anonymous_7)
FN:132,(anonymous_8)
FN:189,(anonymous_9)
FN:206,(anonymous_10)
FN:230,(anonymous_11)
FN:230,(anonymous_12)
FN:231,(anonymous_13)
FN:231,(anonymous_14)
FN:259,(anonymous_15)
FN:266,(anonymous_16)
FN:277,(anonymous_17)
FN:281,(anonymous_18)
FN:284,(anonymous_19)
FNF:20
FNH:0
FNDA:0,(anonymous_0)
FNDA:0,(anonymous_1)
FNDA:0,(anonymous_2)
FNDA:0,(anonymous_3)
FNDA:0,(anonymous_4)
FNDA:0,(anonymous_5)
FNDA:0,(anonymous_6)
FNDA:0,(anonymous_7)
FNDA:0,(anonymous_8)
FNDA:0,(anonymous_9)
FNDA:0,(anonymous_10)
FNDA:0,(anonymous_11)
FNDA:0,(anonymous_12)
FNDA:0,(anonymous_13)
FNDA:0,(anonymous_14)
FNDA:0,(anonymous_15)
FNDA:0,(anonymous_16)
FNDA:0,(anonymous_17)
FNDA:0,(anonymous_18)
FNDA:0,(anonymous_19)
DA:8,0
DA:9,0
DA:21,0
DA:28,0
DA:43,0
DA:44,0
DA:48,0
DA:49,0
DA:53,0
DA:56,0
DA:59,0
DA:66,0
DA:68,0
DA:79,0
DA:81,0
DA:83,0
DA:84,0
DA:85,0
DA:86,0
DA:91,0
DA:101,0
DA:111,0
DA:112,0
DA:121,0
DA:134,0
DA:135,0
DA:136,0
DA:137,0
DA:138,0
DA:142,0
DA:145,0
DA:148,0
DA:149,0
DA:151,0
DA:153,0
DA:154,0
DA:156,0
DA:158,0
DA:159,0
DA:161,0
DA:165,0
DA:168,0
DA:169,0
DA:170,0
DA:175,0
DA:178,0
DA:191,0
DA:192,0
DA:193,0
DA:194,0
DA:195,0
DA:199,0
DA:202,0
DA:205,0
DA:206,0
DA:207,0
DA:208,0
DA:210,0
DA:212,0
DA:215,0
DA:217,0
DA:220,0
DA:222,0
DA:227,0
DA:230,0
DA:231,0
DA:234,0
DA:235,0
DA:238,0
DA:242,0
DA:245,0
DA:248,0
DA:260,0
DA:267,0
DA:268,0
DA:278,0
DA:281,0
DA:284,0
DA:287,0
DA:289,0
DA:293,0
LF:81
LH:0
BRDA:42,0,0,0
BRDA:43,1,0,0
BRDA:43,1,1,0
BRDA:48,2,0,0
BRDA:48,2,1,0
BRDA:53,3,0,0
BRDA:53,3,1,0
BRDA:61,4,0,0
BRDA:61,4,1,0
BRDA:81,5,0,0
BRDA:81,5,1,0
BRDA:85,6,0,0
BRDA:85,6,1,0
BRDA:101,7,0,0
BRDA:101,7,1,0
BRDA:111,8,0,0
BRDA:111,8,1,0
BRDA:132,9,0,0
BRDA:132,10,0,0
BRDA:134,11,0,0
BRDA:134,11,1,0
BRDA:151,12,0,0
BRDA:151,12,1,0
BRDA:158,13,0,0
BRDA:158,13,1,0
BRDA:189,14,0,0
BRDA:189,15,0,0
BRDA:191,16,0,0
BRDA:191,16,1,0
BRDA:234,17,0,0
BRDA:234,17,1,0
BRDA:259,18,0,0
BRDA:278,19,0,0
BRDA:278,19,1,0
BRF:34
BRH:0
end_of_record
TN:
SF:src/hooks/index.js
FN:17,createHookManager
FNF:1
FNH:0
FNDA:0,createHookManager
DA:8,0
DA:9,0
DA:10,0
DA:18,0
DA:22,0
LF:5
LH:0
BRF:0
BRH:0
end_of_record
TN:
SF:src/logging/LoggerFactory.js
FN:24,(anonymous_0)
FN:50,(anonymous_1)
FN:67,(anonymous_2)
FN:85,(anonymous_3)
FN:95,(anonymous_4)
FN:110,(anonymous_5)
FN:164,(anonymous_6)
FN:182,(anonymous_7)
FN:183,(anonymous_8)
FN:185,(anonymous_9)
FN:202,(anonymous_10)
FN:209,(anonymous_11)
FN:222,(anonymous_12)
FN:236,(anonymous_13)
FNF:14
FNH:0
FNDA:0,(anonymous_0)
FNDA:0,(anonymous_1)
FNDA:0,(anonymous_2)
FNDA:0,(anonymous_3)
FNDA:0,(anonymous_4)
FNDA:0,(anonymous_5)
FNDA:0,(anonymous_6)
FNDA:0,(anonymous_7)
FNDA:0,(anonymous_8)
FNDA:0,(anonymous_9)
FNDA:0,(anonymous_10)
FNDA:0,(anonymous_11)
FNDA:0,(anonymous_12)
FNDA:0,(anonymous_13)
DA:8,0
DA:9,0
DA:10,0
DA:11,0
DA:12,0
DA:25,0
DA:33,0
DA:36,0
DA:39,0
DA:42,0
DA:51,0
DA:52,0
DA:55,0
DA:56,0
DA:69,0
DA:77,0
DA:83,0
DA:86,0
DA:87,0
DA:92,0
DA:96,0
DA:97,0
DA:101,0
DA:111,0
DA:114,0
DA:115,0
DA:124,0
DA:129,0
DA:142,0
DA:154,0
DA:166,0
DA:167,0
DA:171,0
DA:174,0
DA:182,0
DA:183,0
DA:184,0
DA:185,0
DA:186,0
DA:191,0
DA:193,0
DA:203,0
DA:210,0
DA:211,0
DA:214,0
DA:223,0
DA:226,0
DA:227,0
DA:237,0
DA:241,0
LF:50
LH:0
BRDA:24,0,0,0
BRDA:26,1,0,0
BRDA:26,1,1,0
BRDA:28,2,0,0
BRDA:28,2,1,0
BRDA:55,3,0,0
BRDA:55,3,1,0
BRDA:86,4,0,0
BRDA:86,4,1,0
BRDA:87,5,0,0
BRDA:87,5,1,0
BRDA:96,6,0,0
BRDA:96,6,1,0
BRDA:97,7,0,0
BRDA:97,7,1,0
BRDA:114,8,0,0
BRDA:114,8,1,0
BRDA:124,9,0,0
BRDA:124,9,1,0
BRDA:164,10,0,0
BRDA:164,11,0,0
BRDA:166,12,0,0
BRDA:166,12,1,0
BRF:23
BRH:0
end_of_record
TN:
SF:src/logging/index.js
FN:23,createLoggerFactory
FN:45,(anonymous_1)
FN:46,(anonymous_2)
FN:47,(anonymous_3)
FN:48,(anonymous_4)
FN:49,(anonymous_5)
FN:50,(anonymous_6)
FN:51,(anonymous_7)
FNF:8
FNH:0
FNDA:0,createLoggerFactory
FNDA:0,(anonymous_1)
FNDA:0,(anonymous_2)
FNDA:0,(anonymous_3)
FNDA:0,(anonymous_4)
FNDA:0,(anonymous_5)
FNDA:0,(anonymous_6)
FNDA:0,(anonymous_7)
DA:8,0
DA:9,0
DA:12,0
DA:15,0
DA:24,0
DA:28,0
DA:45,0
DA:46,0
DA:47,0
DA:48,0
DA:49,0
DA:50,0
DA:51,0
LF:13
LH:0
BRDA:23,0,0,0
BRF:1
BRH:0
end_of_record
TN:
SF:src/middlewares/MiddlewareManager.js
FN:15,(anonymous_0)
FN:64,(anonymous_1)
FN:67,(anonymous_2)
FN:73,(anonymous_3)
FN:73,(anonymous_4)
FN:84,(anonymous_5)
FN:90,(anonymous_6)
FN:118,(anonymous_7)
FN:128,(anonymous_8)
FN:145,(anonymous_9)
FN:150,(anonymous_10)
FN:164,(anonymous_11)
FN:182,(anonymous_12)
FN:191,(anonymous_13)
FNF:14
FNH:0
FNDA:0,(anonymous_0)
FNDA:0,(anonymous_1)
FNDA:0,(anonymous_2)
FNDA:0,(anonymous_3)
FNDA:0,(anonymous_4)
FNDA:0,(anonymous_5)
FNDA:0,(anonymous_6)
FNDA:0,(anonymous_7)
FNDA:0,(anonymous_8)
FNDA:0,(anonymous_9)
FNDA:0,(anonymous_10)
FNDA:0,(anonymous_11)
FNDA:0,(anonymous_12)
FNDA:0,(anonymous_13)
DA:6,0
DA:7,0
DA:16,0
DA:17,0
DA:18,0
DA:54,0
DA:57,0
DA:66,0
DA:67,0
DA:72,0
DA:73,0
DA:74,0
DA:75,0
DA:76,0
DA:77,0
DA:83,0
DA:84,0
DA:89,0
DA:91,0
DA:93,0
DA:94,0
DA:97,0
DA:98,0
DA:101,0
DA:102,0
DA:105,0
DA:119,0
DA:120,0
DA:129,0
DA:130,0
DA:131,0
DA:134,0
DA:135,0
DA:136,0
DA:139,0
DA:146,0
DA:147,0
DA:148,0
DA:149,0
DA:150,0
DA:151,0
DA:152,0
DA:154,0
DA:165,0
DA:166,0
DA:167,0
DA:170,0
DA:175,0
DA:183,0
DA:184,0
DA:192,0
DA:193,0
DA:197,0
LF:53
LH:0
BRDA:15,0,0,0
BRDA:77,1,0,0
BRDA:77,1,1,0
BRDA:93,2,0,0
BRDA:93,2,1,0
BRDA:97,3,0,0
BRDA:97,3,1,0
BRDA:101,4,0,0
BRDA:101,4,1,0
BRDA:130,5,0,0
BRDA:130,5,1,0
BRDA:135,6,0,0
BRDA:135,6,1,0
BRDA:147,7,0,0
BRDA:147,7,1,0
BRDA:149,8,0,0
BRDA:149,8,1,0
BRDA:151,9,0,0
BRDA:151,9,1,0
BRDA:166,10,0,0
BRDA:166,10,1,0
BRF:21
BRH:0
end_of_record
TN:
SF:src/middlewares/errorHandler.js
FN:18,errorHandler
FN:22,(anonymous_1)
FN:35,errorMiddleware
FNF:3
FNH:0
FNDA:0,errorHandler
FNDA:0,(anonymous_1)
FNDA:0,errorMiddleware
DA:8,0
DA:20,0
DA:22,0
DA:33,0
DA:35,0
DA:36,0
DA:37,0
DA:40,0
DA:41,0
DA:45,0
DA:48,0
DA:51,0
DA:54,0
DA:55,0
DA:59,0
DA:64,0
LF:16
LH:0
BRDA:18,0,0,0
BRDA:23,1,0,0
BRDA:23,1,1,0
BRDA:23,2,0,0
BRDA:23,2,1,0
BRDA:24,3,0,0
BRDA:24,3,1,0
BRDA:25,4,0,0
BRDA:25,4,1,0
BRDA:27,5,0,0
BRDA:27,5,1,0
BRDA:40,6,0,0
BRDA:40,6,1,0
BRDA:45,7,0,0
BRDA:45,7,1,0
BRDA:54,8,0,0
BRDA:54,8,1,0
BRF:17
BRH:0
end_of_record
TN:
SF:src/middlewares/httpLogger.js
FN:18,httpLogger
FN:34,httpLoggerMiddleware
FN:134,shouldSkip
FN:135,(anonymous_3)
FN:151,filterHeaders
FN:163,(anonymous_5)
FN:178,sanitizeBody
FN:204,sanitizeObject
FNF:8
FNH:0
FNDA:0,httpLogger
FNDA:0,httpLoggerMiddleware
FNDA:0,shouldSkip
FNDA:0,(anonymous_3)
FNDA:0,filterHeaders
FNDA:0,(anonymous_5)
FNDA:0,sanitizeBody
FNDA:0,sanitizeObject
DA:20,0
DA:29,0
DA:32,0
DA:34,0
DA:36,0
DA:37,0
DA:41,0
DA:44,0
DA:55,0
DA:56,0
DA:60,0
DA:65,0
DA:67,0
DA:69,0
DA:71,0
DA:72,0
DA:75,0
DA:78,0
DA:88,0
DA:92,0
DA:96,0
DA:97,0
DA:108,0
DA:110,0
DA:117,0
DA:135,0
DA:136,0
DA:137,0
DA:138,0
DA:139,0
DA:141,0
DA:152,0
DA:155,0
DA:163,0
DA:164,0
DA:165,0
DA:169,0
DA:179,0
DA:180,0
DA:184,0
DA:187,0
DA:205,0
DA:206,0
DA:209,0
DA:210,0
DA:211,0
DA:212,0
DA:213,0
DA:218,0
DA:219,0
DA:222,0
LF:51
LH:0
BRDA:18,0,0,0
BRDA:32,1,0,0
BRDA:32,1,1,0
BRDA:36,2,0,0
BRDA:36,2,1,0
BRDA:51,3,0,0
BRDA:51,3,1,0
BRDA:55,4,0,0
BRDA:55,4,1,0
BRDA:55,5,0,0
BRDA:55,5,1,0
BRDA:88,6,0,0
BRDA:88,6,1,0
BRDA:88,7,0,0
BRDA:88,7,1,0
BRDA:88,7,2,0
BRDA:88,7,3,0
BRDA:96,8,0,0
BRDA:96,8,1,0
BRDA:108,9,0,0
BRDA:108,9,1,0
BRDA:136,10,0,0
BRDA:136,10,1,0
BRDA:138,11,0,0
BRDA:138,11,1,0
BRDA:164,12,0,0
BRDA:164,12,1,0
BRDA:179,13,0,0
BRDA:179,13,1,0
BRDA:179,14,0,0
BRDA:179,14,1,0
BRDA:205,15,0,0
BRDA:205,15,1,0
BRDA:205,16,0,0
BRDA:205,16,1,0
BRDA:210,17,0,0
BRDA:210,17,1,0
BRDA:212,18,0,0
BRDA:212,18,1,0
BRF:39
BRH:0
end_of_record
TN:
SF:src/middlewares/index.js
FN:23,(anonymous_0)
FN:24,(anonymous_1)
FN:25,(anonymous_2)
FN:26,(anonymous_3)
FN:29,(anonymous_4)
FN:30,(anonymous_5)
FN:31,(anonymous_6)
FN:46,(anonymous_7)
FN:58,(anonymous_8)
FN:59,(anonymous_9)
FN:60,(anonymous_10)
FN:61,(anonymous_11)
FN:62,(anonymous_12)
FN:66,(anonymous_13)
FN:67,(anonymous_14)
FN:68,(anonymous_15)
FN:69,(anonymous_16)
FN:70,(anonymous_17)
FNF:18
FNH:0
FNDA:0,(anonymous_0)
FNDA:0,(anonymous_1)
FNDA:0,(anonymous_2)
FNDA:0,(anonymous_3)
FNDA:0,(anonymous_4)
FNDA:0,(anonymous_5)
FNDA:0,(anonymous_6)
FNDA:0,(anonymous_7)
FNDA:0,(anonymous_8)
FNDA:0,(anonymous_9)
FNDA:0,(anonymous_10)
FNDA:0,(anonymous_11)
FNDA:0,(anonymous_12)
FNDA:0,(anonymous_13)
FNDA:0,(anonymous_14)
FNDA:0,(anonymous_15)
FNDA:0,(anonymous_16)
FNDA:0,(anonymous_17)
DA:14,0
DA:15,0
DA:16,0
DA:17,0
DA:18,0
DA:21,0
DA:23,0
DA:24,0
DA:25,0
DA:26,0
DA:29,0
DA:30,0
DA:31,0
DA:47,0
DA:58,0
DA:59,0
DA:60,0
DA:61,0
DA:62,0
DA:66,0
DA:67,0
DA:68,0
DA:69,0
DA:70,0
LF:24
LH:0
BRDA:46,0,0,0
BRDA:58,1,0,0
BRDA:66,2,0,0
BRF:3
BRH:0
end_of_record
TN:
SF:src/middlewares/requestId.js
FN:19,requestId
FN:30,requestIdMiddleware
FNF:2
FNH:0
FNDA:0,requestId
FNDA:0,requestIdMiddleware
DA:8,0
DA:21,0
DA:28,0
DA:30,0
DA:32,0
DA:35,0
DA:38,0
DA:39,0
DA:43,0
DA:47,0
LF:10
LH:0
BRDA:19,0,0,0
BRDA:32,1,0,0
BRDA:32,1,1,0
BRDA:38,2,0,0
BRDA:38,2,1,0
BRF:5
BRH:0
end_of_record
TN:
SF:src/middlewares/responseHandler.js
FN:18,responseHandler
FN:32,responseMiddleware
FN:34,(anonymous_2)
FN:44,(anonymous_3)
FN:54,(anonymous_4)
FN:64,(anonymous_5)
FN:69,(anonymous_6)
FN:74,(anonymous_7)
FN:79,(anonymous_8)
FN:84,(anonymous_9)
FNF:10
FNH:5
FNDA:6,responseHandler
FNDA:6,responseMiddleware
FNDA:3,(anonymous_2)
FNDA:2,(anonymous_3)
FNDA:0,(anonymous_4)
FNDA:1,(anonymous_5)
FNDA:0,(anonymous_6)
FNDA:0,(anonymous_7)
FNDA:0,(anonymous_8)
FNDA:0,(anonymous_9)
DA:8,1
DA:20,6
DA:30,6
DA:32,6
DA:34,6
DA:35,3
DA:40,3
DA:44,6
DA:45,2
DA:50,2
DA:54,6
DA:55,0
DA:56,0
DA:64,6
DA:65,1
DA:66,1
DA:69,6
DA:70,0
DA:71,0
DA:74,6
DA:75,0
DA:76,0
DA:79,6
DA:80,0
DA:81,0
DA:84,6
DA:85,0
DA:86,0
DA:89,6
DA:91,6
DA:94,5
DA:95,1
DA:99,5
DA:100,1
DA:104,1
DA:107,1
DA:110,1
DA:111,1
DA:112,1
DA:117,1
DA:122,1
LF:41
LH:31
BRDA:18,0,0,6
BRDA:34,1,0,0
BRDA:34,2,0,3
BRDA:44,3,0,0
BRDA:44,4,0,0
BRDA:44,5,0,0
BRDA:58,6,0,0
BRDA:58,6,1,0
BRDA:64,7,0,0
BRDA:64,8,0,1
BRDA:69,9,0,0
BRDA:69,10,0,0
BRDA:74,11,0,0
BRDA:74,12,0,0
BRDA:79,13,0,0
BRDA:79,14,0,0
BRDA:84,15,0,0
BRDA:84,16,0,0
BRDA:94,17,0,1
BRDA:94,17,1,4
BRDA:94,18,0,5
BRDA:94,18,1,1
BRDA:99,19,0,1
BRDA:99,19,1,4
BRDA:107,20,0,1
BRDA:107,20,1,0
BRDA:110,21,0,1
BRDA:110,21,1,1
BRDA:110,22,0,1
BRDA:110,22,1,0
BRDA:111,23,0,1
BRDA:111,23,1,0
BRDA:112,24,0,0
BRDA:112,24,1,1
BRDA:114,25,0,1
BRDA:114,25,1,1
BRF:36
BRH:17
end_of_record
TN:
SF:src/monitor/HealthChecker.js
FN:33,(anonymous_0)
FN:50,(anonymous_1)
FN:62,(anonymous_2)
FN:84,(anonymous_3)
FN:103,(anonymous_4)
FN:128,(anonymous_5)
FN:163,(anonymous_6)
FN:198,(anonymous_7)
FN:268,(anonymous_8)
FN:291,(anonymous_9)
FN:293,(anonymous_10)
FN:318,(anonymous_11)
FN:335,(anonymous_12)
FN:338,(anonymous_13)
FN:339,(anonymous_14)
FN:355,(anonymous_15)
FN:430,(anonymous_16)
FN:477,(anonymous_17)
FN:503,(anonymous_18)
FNF:19
FNH:0
FNDA:0,(anonymous_0)
FNDA:0,(anonymous_1)
FNDA:0,(anonymous_2)
FNDA:0,(anonymous_3)
FNDA:0,(anonymous_4)
FNDA:0,(anonymous_5)
FNDA:0,(anonymous_6)
FNDA:0,(anonymous_7)
FNDA:0,(anonymous_8)
FNDA:0,(anonymous_9)
FNDA:0,(anonymous_10)
FNDA:0,(anonymous_11)
FNDA:0,(anonymous_12)
FNDA:0,(anonymous_13)
FNDA:0,(anonymous_14)
FNDA:0,(anonymous_15)
FNDA:0,(anonymous_16)
FNDA:0,(anonymous_17)
FNDA:0,(anonymous_18)
DA:8,0
DA:9,0
DA:10,0
DA:15,0
DA:34,0
DA:35,0
DA:36,0
DA:37,0
DA:38,0
DA:39,0
DA:40,0
DA:41,0
DA:42,0
DA:51,0
DA:52,0
DA:56,0
DA:59,0
DA:62,0
DA:63,0
DA:67,0
DA:68,0
DA:71,0
DA:74,0
DA:76,0
DA:85,0
DA:86,0
DA:87,0
DA:88,0
DA:91,0
DA:104,0
DA:115,0
DA:129,0
DA:141,0
DA:142,0
DA:143,0
DA:147,0
DA:150,0
DA:152,0
DA:164,0
DA:165,0
DA:166,0
DA:167,0
DA:170,0
DA:171,0
DA:172,0
DA:174,0
DA:175,0
DA:176,0
DA:178,0
DA:181,0
DA:184,0
DA:185,0
DA:188,0
DA:199,0
DA:204,0
DA:205,0
DA:209,0
DA:212,0
DA:221,0
DA:222,0
DA:229,0
DA:230,0
DA:238,0
DA:239,0
DA:244,0
DA:245,0
DA:254,0
DA:255,0
DA:260,0
DA:269,0
DA:283,0
DA:293,0
DA:294,0
DA:295,0
DA:296,0
DA:297,0
DA:300,0
DA:302,0
DA:318,0
DA:319,0
DA:336,0
DA:338,0
DA:339,0
DA:340,0
DA:341,0
DA:344,0
DA:357,0
DA:358,0
DA:359,0
DA:362,0
DA:365,0
DA:366,0
DA:368,0
DA:369,0
DA:370,0
DA:372,0
DA:375,0
DA:378,0
DA:379,0
DA:382,0
DA:386,0
DA:387,0
DA:388,0
DA:394,0
DA:395,0
DA:396,0
DA:397,0
DA:403,0
DA:404,0
DA:407,0
DA:411,0
DA:412,0
DA:413,0
DA:417,0
DA:431,0
DA:432,0
DA:435,0
DA:436,0
DA:437,0
DA:438,0
DA:439,0
DA:441,0
DA:443,0
DA:444,0
DA:449,0
DA:450,0
DA:451,0
DA:452,0
DA:453,0
DA:455,0
DA:457,0
DA:458,0
DA:463,0
DA:464,0
DA:465,0
DA:466,0
DA:468,0
DA:478,0
DA:481,0
DA:482,0
DA:483,0
DA:487,0
DA:488,0
DA:489,0
DA:492,0
DA:493,0
DA:504,0
DA:522,0
DA:524,0
LF:149
LH:0
BRDA:33,0,0,0
BRDA:35,1,0,0
BRDA:35,1,1,0
BRDA:35,1,2,0
BRDA:36,2,0,0
BRDA:36,2,1,0
BRDA:51,3,0,0
BRDA:51,3,1,0
BRDA:67,4,0,0
BRDA:67,4,1,0
BRDA:85,5,0,0
BRDA:85,5,1,0
BRDA:103,6,0,0
BRDA:128,7,0,0
BRDA:141,8,0,0
BRDA:141,8,1,0
BRDA:163,9,0,0
BRDA:165,10,0,0
BRDA:165,10,1,0
BRDA:174,11,0,0
BRDA:174,11,1,0
BRDA:178,12,0,0
BRDA:178,12,1,0
BRDA:184,13,0,0
BRDA:184,13,1,0
BRDA:198,14,0,0
BRDA:199,15,0,0
BRDA:199,15,1,0
BRDA:204,16,0,0
BRDA:204,16,1,0
BRDA:217,17,0,0
BRDA:217,17,1,0
BRDA:221,18,0,0
BRDA:221,18,1,0
BRDA:235,19,0,0
BRDA:235,19,1,0
BRDA:238,20,0,0
BRDA:238,20,1,0
BRDA:251,21,0,0
BRDA:251,21,1,0
BRDA:254,22,0,0
BRDA:254,22,1,0
BRDA:272,23,0,0
BRDA:272,23,1,0
BRDA:279,24,0,0
BRDA:279,24,1,0
BRDA:300,25,0,0
BRDA:300,25,1,0
BRDA:320,26,0,0
BRDA:320,26,1,0
BRDA:366,27,0,0
BRDA:366,27,1,0
BRDA:368,28,0,0
BRDA:368,28,1,0
BRDA:372,29,0,0
BRDA:372,29,1,0
BRDA:375,30,0,0
BRDA:375,30,1,0
BRDA:378,31,0,0
BRDA:378,31,1,0
BRDA:387,32,0,0
BRDA:387,32,1,0
BRDA:403,33,0,0
BRDA:403,33,1,0
BRDA:412,34,0,0
BRDA:412,34,1,0
BRDA:436,35,0,0
BRDA:436,35,1,0
BRDA:437,36,0,0
BRDA:437,36,1,0
BRDA:443,37,0,0
BRDA:443,37,1,0
BRDA:450,38,0,0
BRDA:450,38,1,0
BRDA:451,39,0,0
BRDA:451,39,1,0
BRDA:457,40,0,0
BRDA:457,40,1,0
BRDA:463,41,0,0
BRDA:463,41,1,0
BRDA:465,42,0,0
BRDA:465,42,1,0
BRDA:481,43,0,0
BRDA:481,43,1,0
BRDA:487,44,0,0
BRDA:487,44,1,0
BRDA:492,45,0,0
BRDA:492,45,1,0
BRF:88
BRH:0
end_of_record
TN:
SF:src/monitor/MetricsCollector.js
FN:25,(anonymous_0)
FN:50,(anonymous_1)
FN:59,(anonymous_2)
FN:77,(anonymous_3)
FN:97,(anonymous_4)
FN:154,(anonymous_5)
FN:167,(anonymous_6)
FN:181,(anonymous_7)
FN:198,(anonymous_8)
FN:208,(anonymous_9)
FN:218,(anonymous_10)
FN:231,(anonymous_11)
FN:244,(anonymous_12)
FN:260,(anonymous_13)
FN:261,(anonymous_14)
FN:274,(anonymous_15)
FN:306,(anonymous_16)
FN:340,(anonymous_17)
FN:377,(anonymous_18)
FN:409,(anonymous_19)
FN:424,(anonymous_20)
FN:440,(anonymous_21)
FN:466,(anonymous_22)
FN:486,(anonymous_23)
FN:529,(anonymous_24)
FN:546,(anonymous_25)
FNF:26
FNH:0
FNDA:0,(anonymous_0)
FNDA:0,(anonymous_1)
FNDA:0,(anonymous_2)
FNDA:0,(anonymous_3)
FNDA:0,(anonymous_4)
FNDA:0,(anonymous_5)
FNDA:0,(anonymous_6)
FNDA:0,(anonymous_7)
FNDA:0,(anonymous_8)
FNDA:0,(anonymous_9)
FNDA:0,(anonymous_10)
FNDA:0,(anonymous_11)
FNDA:0,(anonymous_12)
FNDA:0,(anonymous_13)
FNDA:0,(anonymous_14)
FNDA:0,(anonymous_15)
FNDA:0,(anonymous_16)
FNDA:0,(anonymous_17)
FNDA:0,(anonymous_18)
FNDA:0,(anonymous_19)
FNDA:0,(anonymous_20)
FNDA:0,(anonymous_21)
FNDA:0,(anonymous_22)
FNDA:0,(anonymous_23)
FNDA:0,(anonymous_24)
FNDA:0,(anonymous_25)
DA:8,0
DA:9,0
DA:10,0
DA:26,0
DA:27,0
DA:28,0
DA:29,0
DA:30,0
DA:31,0
DA:32,0
DA:33,0
DA:34,0
DA:37,0
DA:40,0
DA:41,0
DA:51,0
DA:52,0
DA:56,0
DA:59,0
DA:60,0
DA:64,0
DA:65,0
DA:68,0
DA:69,0
DA:78,0
DA:79,0
DA:80,0
DA:81,0
DA:84,0
DA:98,0
DA:99,0
DA:102,0
DA:105,0
DA:106,0
DA:110,0
DA:118,0
DA:122,0
DA:124,0
DA:125,0
DA:127,0
DA:128,0
DA:130,0
DA:131,0
DA:133,0
DA:134,0
DA:136,0
DA:140,0
DA:142,0
DA:155,0
DA:168,0
DA:182,0
DA:183,0
DA:184,0
DA:186,0
DA:199,0
DA:209,0
DA:210,0
DA:219,0
DA:220,0
DA:223,0
DA:232,0
DA:233,0
DA:236,0
DA:245,0
DA:246,0
DA:247,0
DA:249,0
DA:251,0
DA:254,0
DA:260,0
DA:261,0
DA:265,0
DA:275,0
DA:276,0
DA:280,0
DA:287,0
DA:290,0
DA:293,0
DA:296,0
DA:298,0
DA:307,0
DA:308,0
DA:312,0
DA:315,0
DA:316,0
DA:317,0
DA:318,0
DA:321,0
DA:324,0
DA:327,0
DA:330,0
DA:332,0
DA:341,0
DA:342,0
DA:346,0
DA:349,0
DA:356,0
DA:363,0
DA:369,0
DA:378,0
DA:379,0
DA:383,0
DA:386,0
DA:393,0
DA:396,0
DA:399,0
DA:401,0
DA:410,0
DA:411,0
DA:415,0
DA:418,0
DA:421,0
DA:424,0
DA:425,0
DA:427,0
DA:428,0
DA:430,0
DA:431,0
DA:434,0
DA:435,0
DA:440,0
DA:441,0
DA:442,0
DA:444,0
DA:446,0
DA:447,0
DA:449,0
DA:450,0
DA:453,0
DA:454,0
DA:458,0
DA:467,0
DA:468,0
DA:470,0
DA:472,0
DA:475,0
DA:477,0
DA:487,0
DA:488,0
DA:492,0
DA:493,0
DA:494,0
DA:498,0
DA:500,0
DA:501,0
DA:502,0
DA:505,0
DA:506,0
DA:507,0
DA:510,0
DA:511,0
DA:512,0
DA:515,0
DA:516,0
DA:517,0
DA:521,0
DA:530,0
DA:531,0
DA:532,0
DA:535,0
DA:537,0
DA:538,0
DA:539,0
DA:543,0
DA:544,0
DA:546,0
DA:547,0
DA:548,0
DA:550,0
DA:554,0
DA:555,0
DA:557,0
DA:562,0
LF:173
LH:0
BRDA:25,0,0,0
BRDA:28,1,0,0
BRDA:28,1,1,0
BRDA:29,2,0,0
BRDA:29,2,1,0
BRDA:30,3,0,0
BRDA:30,3,1,0
BRDA:40,4,0,0
BRDA:40,4,1,0
BRDA:51,5,0,0
BRDA:51,5,1,0
BRDA:64,6,0,0
BRDA:64,6,1,0
BRDA:78,7,0,0
BRDA:78,7,1,0
BRDA:97,8,0,0
BRDA:97,9,0,0
BRDA:98,10,0,0
BRDA:98,10,1,0
BRDA:105,11,0,0
BRDA:105,11,1,0
BRDA:112,12,0,0
BRDA:112,12,1,0
BRDA:122,13,0,0
BRDA:122,13,1,0
BRDA:122,13,2,0
BRDA:122,13,3,0
BRDA:122,13,4,0
BRDA:154,14,0,0
BRDA:154,15,0,0
BRDA:167,16,0,0
BRDA:167,17,0,0
BRDA:181,18,0,0
BRDA:181,19,0,0
BRDA:181,20,0,0
BRDA:183,21,0,0
BRDA:183,21,1,0
BRDA:198,22,0,0
BRDA:198,23,0,0
BRDA:210,24,0,0
BRDA:210,24,1,0
BRDA:219,25,0,0
BRDA:219,25,1,0
BRDA:232,26,0,0
BRDA:232,26,1,0
BRDA:275,27,0,0
BRDA:275,27,1,0
BRDA:275,28,0,0
BRDA:275,28,1,0
BRDA:307,29,0,0
BRDA:307,29,1,0
BRDA:341,30,0,0
BRDA:341,30,1,0
BRDA:378,31,0,0
BRDA:378,31,1,0
BRDA:410,32,0,0
BRDA:410,32,1,0
BRDA:430,33,0,0
BRDA:430,33,1,0
BRDA:434,34,0,0
BRDA:434,34,1,0
BRDA:441,35,0,0
BRDA:441,35,1,0
BRDA:442,36,0,0
BRDA:442,36,1,0
BRDA:449,37,0,0
BRDA:449,37,1,0
BRDA:453,38,0,0
BRDA:453,38,1,0
BRDA:487,39,0,0
BRDA:487,39,1,0
BRDA:493,40,0,0
BRDA:493,40,1,0
BRDA:501,41,0,0
BRDA:501,41,1,0
BRDA:506,42,0,0
BRDA:506,42,1,0
BRDA:511,43,0,0
BRDA:511,43,1,0
BRDA:516,44,0,0
BRDA:516,44,1,0
BRDA:517,45,0,0
BRDA:517,45,1,0
BRDA:531,46,0,0
BRDA:531,46,1,0
BRDA:538,47,0,0
BRDA:538,47,1,0
BRDA:538,48,0,0
BRDA:538,48,1,0
BRF:89
BRH:0
end_of_record
TN:
SF:src/monitor/index.js
FN:17,createMetricsCollector
FN:27,createHealthChecker
FNF:2
FNH:0
FNDA:0,createMetricsCollector
FNDA:0,createHealthChecker
DA:7,0
DA:8,0
DA:9,0
DA:18,0
DA:28,0
DA:32,0
LF:6
LH:0
BRDA:17,0,0,0
BRDA:27,1,0,0
BRF:2
BRH:0
end_of_record
TN:
SF:src/monitor/middleware.js
FN:20,createKoaHealthMiddleware
FN:25,(anonymous_1)
FN:72,createExpressHealthMiddleware
FN:77,(anonymous_3)
FN:120,createKoaMetricsMiddleware
FN:123,(anonymous_5)
FN:153,createExpressMetricsMiddleware
FN:156,(anonymous_7)
FN:185,createKoaHttpMetricsMiddleware
FN:188,(anonymous_9)
FN:190,(anonymous_10)
FN:243,createExpressHttpMetricsMiddleware
FN:246,(anonymous_12)
FN:248,(anonymous_13)
FN:259,(anonymous_14)
FN:290,recordHttpMetrics
FN:360,normalizePath
FNF:17
FNH:0
FNDA:0,createKoaHealthMiddleware
FNDA:0,(anonymous_1)
FNDA:0,createExpressHealthMiddleware
FNDA:0,(anonymous_3)
FNDA:0,createKoaMetricsMiddleware
FNDA:0,(anonymous_5)
FNDA:0,createExpressMetricsMiddleware
FNDA:0,(anonymous_7)
FNDA:0,createKoaHttpMetricsMiddleware
FNDA:0,(anonymous_9)
FNDA:0,(anonymous_10)
FNDA:0,createExpressHttpMetricsMiddleware
FNDA:0,(anonymous_12)
FNDA:0,(anonymous_13)
FNDA:0,(anonymous_14)
FNDA:0,recordHttpMetrics
FNDA:0,normalizePath
DA:8,0
DA:21,0
DA:22,0
DA:23,0
DA:25,0
DA:27,0
DA:28,0
DA:29,0
DA:30,0
DA:31,0
DA:33,0
DA:34,0
DA:35,0
DA:40,0
DA:44,0
DA:45,0
DA:46,0
DA:48,0
DA:49,0
DA:50,0
DA:54,0
DA:58,0
DA:73,0
DA:74,0
DA:75,0
DA:77,0
DA:79,0
DA:80,0
DA:81,0
DA:82,0
DA:83,0
DA:85,0
DA:86,0
DA:91,0
DA:95,0
DA:96,0
DA:97,0
DA:99,0
DA:100,0
DA:104,0
DA:108,0
DA:121,0
DA:123,0
DA:124,0
DA:125,0
DA:127,0
DA:130,0
DA:131,0
DA:133,0
DA:134,0
DA:135,0
DA:137,0
DA:141,0
DA:154,0
DA:156,0
DA:157,0
DA:158,0
DA:160,0
DA:163,0
DA:164,0
DA:166,0
DA:167,0
DA:169,0
DA:173,0
DA:186,0
DA:188,0
DA:190,0
DA:191,0
DA:195,0
DA:197,0
DA:199,0
DA:202,0
DA:203,0
DA:206,0
DA:216,0
DA:217,0
DA:220,0
DA:230,0
DA:244,0
DA:246,0
DA:248,0
DA:249,0
DA:253,0
DA:256,0
DA:259,0
DA:261,0
DA:264,0
DA:265,0
DA:268,0
DA:279,0
DA:291,0
DA:293,0
DA:294,0
DA:295,0
DA:303,0
DA:304,0
DA:305,0
DA:316,0
DA:317,0
DA:318,0
DA:328,0
DA:329,0
DA:330,0
DA:341,0
DA:342,0
DA:343,0
DA:344,0
DA:348,0
DA:362,0
DA:365,0
DA:368,0
DA:371,0
DA:373,0
DA:377,0
LF:114
LH:0
BRDA:20,0,0,0
BRDA:21,1,0,0
BRDA:21,1,1,0
BRDA:22,2,0,0
BRDA:22,2,1,0
BRDA:27,3,0,0
BRDA:27,3,1,0
BRDA:30,4,0,0
BRDA:30,4,1,0
BRDA:30,5,0,0
BRDA:30,5,1,0
BRDA:44,6,0,0
BRDA:44,6,1,0
BRDA:72,7,0,0
BRDA:73,8,0,0
BRDA:73,8,1,0
BRDA:74,9,0,0
BRDA:74,9,1,0
BRDA:79,10,0,0
BRDA:79,10,1,0
BRDA:82,11,0,0
BRDA:82,11,1,0
BRDA:82,12,0,0
BRDA:82,12,1,0
BRDA:95,13,0,0
BRDA:95,13,1,0
BRDA:120,14,0,0
BRDA:121,15,0,0
BRDA:121,15,1,0
BRDA:124,16,0,0
BRDA:124,16,1,0
BRDA:153,17,0,0
BRDA:154,18,0,0
BRDA:154,18,1,0
BRDA:157,19,0,0
BRDA:157,19,1,0
BRDA:185,20,0,0
BRDA:186,21,0,0
BRDA:186,21,1,0
BRDA:190,22,0,0
BRDA:190,22,1,0
BRDA:211,23,0,0
BRDA:211,23,1,0
BRDA:212,24,0,0
BRDA:212,24,1,0
BRDA:223,25,0,0
BRDA:223,25,1,0
BRDA:225,26,0,0
BRDA:225,26,1,0
BRDA:243,27,0,0
BRDA:244,28,0,0
BRDA:244,28,1,0
BRDA:248,29,0,0
BRDA:248,29,1,0
BRDA:273,30,0,0
BRDA:273,30,1,0
BRDA:274,31,0,0
BRDA:274,31,1,0
BRDA:294,32,0,0
BRDA:294,32,1,0
BRDA:304,33,0,0
BRDA:304,33,1,0
BRDA:317,34,0,0
BRDA:317,34,1,0
BRDA:317,35,0,0
BRDA:317,35,1,0
BRDA:329,36,0,0
BRDA:329,36,1,0
BRDA:329,37,0,0
BRDA:329,37,1,0
BRDA:341,38,0,0
BRDA:341,38,1,0
BRDA:343,39,0,0
BRDA:343,39,1,0
BRF:74
BRH:0
end_of_record
TN:
SF:src/mq/Consumer.js
FN:27,(anonymous_0)
FN:60,(anonymous_1)
FN:82,(anonymous_2)
FN:127,(anonymous_3)
FN:160,(anonymous_4)
FN:169,(anonymous_5)
FN:199,(anonymous_6)
FN:279,(anonymous_7)
FN:293,(anonymous_8)
FN:306,(anonymous_9)
FN:340,(anonymous_10)
FNF:11
FNH:0
FNDA:0,(anonymous_0)
FNDA:0,(anonymous_1)
FNDA:0,(anonymous_2)
FNDA:0,(anonymous_3)
FNDA:0,(anonymous_4)
FNDA:0,(anonymous_5)
FNDA:0,(anonymous_6)
FNDA:0,(anonymous_7)
FNDA:0,(anonymous_8)
FNDA:0,(anonymous_9)
FNDA:0,(anonymous_10)
DA:8,0
DA:9,0
DA:28,0
DA:29,0
DA:32,0
DA:33,0
DA:42,0
DA:43,0
DA:44,0
DA:47,0
DA:61,0
DA:62,0
DA:63,0
DA:66,0
DA:67,0
DA:83,0
DA:85,0
DA:88,0
DA:91,0
DA:94,0
DA:101,0
DA:107,0
DA:109,0
DA:111,0
DA:117,0
DA:128,0
DA:129,0
DA:131,0
DA:132,0
DA:136,0
DA:139,0
DA:140,0
DA:142,0
DA:144,0
DA:146,0
DA:151,0
DA:161,0
DA:170,0
DA:172,0
DA:173,0
DA:177,0
DA:178,0
DA:179,0
DA:182,0
DA:184,0
DA:201,0
DA:205,0
DA:206,0
DA:208,0
DA:213,0
DA:214,0
DA:217,0
DA:218,0
DA:222,0
DA:235,0
DA:237,0
DA:240,0
DA:243,0
DA:244,0
DA:247,0
DA:250,0
DA:252,0
DA:259,0
DA:260,0
DA:261,0
DA:263,0
DA:264,0
DA:268,0
DA:280,0
DA:281,0
DA:294,0
DA:295,0
DA:308,0
DA:311,0
DA:314,0
DA:315,0
DA:316,0
DA:320,0
DA:322,0
DA:323,0
DA:326,0
DA:330,0
DA:341,0
DA:342,0
DA:345,0
DA:346,0
DA:349,0
DA:353,0
LF:88
LH:0
BRDA:27,0,0,0
BRDA:28,1,0,0
BRDA:28,1,1,0
BRDA:34,2,0,0
BRDA:34,2,1,0
BRDA:36,3,0,0
BRDA:36,3,1,0
BRDA:36,3,2,0
BRDA:37,4,0,0
BRDA:37,4,1,0
BRDA:38,5,0,0
BRDA:38,5,1,0
BRDA:61,6,0,0
BRDA:61,6,1,0
BRDA:62,7,0,0
BRDA:62,7,1,0
BRDA:67,8,0,0
BRDA:67,8,1,0
BRDA:82,9,0,0
BRDA:107,10,0,0
BRDA:107,10,1,0
BRDA:107,11,0,0
BRDA:107,11,1,0
BRDA:107,11,2,0
BRDA:131,12,0,0
BRDA:131,12,1,0
BRDA:177,13,0,0
BRDA:177,13,1,0
BRDA:213,14,0,0
BRDA:213,14,1,0
BRDA:213,15,0,0
BRDA:213,15,1,0
BRDA:225,16,0,0
BRDA:225,16,1,0
BRDA:227,17,0,0
BRDA:227,17,1,0
BRDA:228,18,0,0
BRDA:228,18,1,0
BRDA:229,19,0,0
BRDA:229,19,1,0
BRDA:230,20,0,0
BRDA:230,20,1,0
BRDA:230,20,2,0
BRDA:231,21,0,0
BRDA:231,21,1,0
BRDA:243,22,0,0
BRDA:243,22,1,0
BRDA:259,23,0,0
BRDA:259,23,1,0
BRDA:263,24,0,0
BRDA:263,24,1,0
BRDA:280,25,0,0
BRDA:280,25,1,0
BRDA:280,26,0,0
BRDA:280,26,1,0
BRDA:293,27,0,0
BRDA:294,28,0,0
BRDA:294,28,1,0
BRDA:294,29,0,0
BRDA:294,29,1,0
BRDA:308,30,0,0
BRDA:308,30,1,0
BRDA:308,30,2,0
BRDA:308,30,3,0
BRDA:311,31,0,0
BRDA:311,31,1,0
BRDA:315,32,0,0
BRDA:315,32,1,0
BRDA:320,33,0,0
BRDA:320,33,1,0
BRDA:320,34,0,0
BRDA:320,34,1,0
BRDA:320,34,2,0
BRDA:341,35,0,0
BRDA:341,35,1,0
BRDA:345,36,0,0
BRDA:345,36,1,0
BRF:77
BRH:0
end_of_record
TN:
SF:src/mq/KafkaAdapter.js
FN:24,(anonymous_0)
FN:61,(anonymous_1)
FN:93,(anonymous_2)
FN:134,(anonymous_3)
FN:147,(anonymous_4)
FN:200,(anonymous_5)
FN:211,(anonymous_6)
FN:224,(anonymous_7)
FN:235,(anonymous_8)
FN:250,(anonymous_9)
FN:295,(anonymous_10)
FN:321,(anonymous_11)
FN:354,(anonymous_12)
FN:400,(anonymous_13)
FN:414,(anonymous_14)
FN:446,(anonymous_15)
FN:449,(anonymous_16)
FN:450,(anonymous_17)
FN:476,(anonymous_18)
FN:492,(anonymous_19)
FN:504,(anonymous_20)
FN:536,(anonymous_21)
FN:553,(anonymous_22)
FNF:23
FNH:0
FNDA:0,(anonymous_0)
FNDA:0,(anonymous_1)
FNDA:0,(anonymous_2)
FNDA:0,(anonymous_3)
FNDA:0,(anonymous_4)
FNDA:0,(anonymous_5)
FNDA:0,(anonymous_6)
FNDA:0,(anonymous_7)
FNDA:0,(anonymous_8)
FNDA:0,(anonymous_9)
FNDA:0,(anonymous_10)
FNDA:0,(anonymous_11)
FNDA:0,(anonymous_12)
FNDA:0,(anonymous_13)
FNDA:0,(anonymous_14)
FNDA:0,(anonymous_15)
FNDA:0,(anonymous_16)
FNDA:0,(anonymous_17)
FNDA:0,(anonymous_18)
FNDA:0,(anonymous_19)
FNDA:0,(anonymous_20)
FNDA:0,(anonymous_21)
FNDA:0,(anonymous_22)
DA:8,0
DA:9,0
DA:26,0
DA:30,0
DA:33,0
DA:46,0
DA:47,0
DA:50,0
DA:53,0
DA:62,0
DA:63,0
DA:66,0
DA:68,0
DA:71,0
DA:72,0
DA:74,0
DA:76,0
DA:78,0
DA:83,0
DA:84,0
DA:94,0
DA:96,0
DA:97,0
DA:98,0
DA:99,0
DA:101,0
DA:106,0
DA:109,0
DA:110,0
DA:111,0
DA:115,0
DA:116,0
DA:119,0
DA:121,0
DA:123,0
DA:135,0
DA:148,0
DA:149,0
DA:152,0
DA:159,0
DA:160,0
DA:165,0
DA:167,0
DA:174,0
DA:175,0
DA:177,0
DA:183,0
DA:188,0
DA:201,0
DA:213,0
DA:226,0
DA:236,0
DA:237,0
DA:241,0
DA:252,0
DA:253,0
DA:257,0
DA:260,0
DA:267,0
DA:269,0
DA:277,0
DA:279,0
DA:285,0
DA:297,0
DA:298,0
DA:302,0
DA:304,0
DA:305,0
DA:307,0
DA:308,0
DA:311,0
DA:320,0
DA:321,0
DA:326,0
DA:333,0
DA:335,0
DA:340,0
DA:345,0
DA:355,0
DA:356,0
DA:360,0
DA:363,0
DA:364,0
DA:368,0
DA:380,0
DA:383,0
DA:385,0
DA:388,0
DA:402,0
DA:405,0
DA:416,0
DA:419,0
DA:420,0
DA:426,0
DA:430,0
DA:436,0
DA:439,0
DA:442,0
DA:444,0
DA:448,0
DA:449,0
DA:450,0
DA:452,0
DA:453,0
DA:457,0
DA:476,0
DA:481,0
DA:483,0
DA:493,0
DA:494,0
DA:497,0
DA:500,0
DA:503,0
DA:504,0
DA:507,0
DA:508,0
DA:509,0
DA:510,0
DA:513,0
DA:515,0
DA:517,0
DA:524,0
DA:527,0
DA:537,0
DA:538,0
DA:559,0
DA:563,0
LF:127
LH:0
BRDA:24,0,0,0
BRDA:26,1,0,0
BRDA:26,1,1,0
BRDA:27,2,0,0
BRDA:27,2,1,0
BRDA:30,3,0,0
BRDA:30,3,1,0
BRDA:30,3,2,0
BRDA:38,4,0,0
BRDA:38,4,1,0
BRDA:42,5,0,0
BRDA:42,5,1,0
BRDA:62,6,0,0
BRDA:62,6,1,0
BRDA:109,7,0,0
BRDA:109,7,1,0
BRDA:115,8,0,0
BRDA:115,8,1,0
BRDA:135,9,0,0
BRDA:135,9,1,0
BRDA:147,10,0,0
BRDA:148,11,0,0
BRDA:148,11,1,0
BRDA:154,12,0,0
BRDA:154,12,1,0
BRDA:155,13,0,0
BRDA:155,13,1,0
BRDA:156,14,0,0
BRDA:156,14,1,0
BRDA:174,15,0,0
BRDA:174,15,1,0
BRDA:200,16,0,0
BRDA:211,17,0,0
BRDA:235,18,0,0
BRDA:236,19,0,0
BRDA:236,19,1,0
BRDA:250,20,0,0
BRDA:252,21,0,0
BRDA:252,21,1,0
BRDA:257,22,0,0
BRDA:257,22,1,0
BRDA:261,23,0,0
BRDA:261,23,1,0
BRDA:261,23,2,0
BRDA:263,24,0,0
BRDA:263,24,1,0
BRDA:264,25,0,0
BRDA:264,25,1,0
BRDA:272,26,0,0
BRDA:272,26,1,0
BRDA:273,27,0,0
BRDA:273,27,1,0
BRDA:274,28,0,0
BRDA:274,28,1,0
BRDA:297,29,0,0
BRDA:297,29,1,0
BRDA:305,30,0,0
BRDA:305,30,1,0
BRDA:305,30,2,0
BRDA:307,31,0,0
BRDA:307,31,1,0
BRDA:312,32,0,0
BRDA:312,32,1,0
BRDA:312,32,2,0
BRDA:312,32,3,0
BRDA:314,33,0,0
BRDA:314,33,1,0
BRDA:315,34,0,0
BRDA:315,34,1,0
BRDA:328,35,0,0
BRDA:328,35,1,0
BRDA:329,36,0,0
BRDA:329,36,1,0
BRDA:330,37,0,0
BRDA:330,37,1,0
BRDA:354,38,0,0
BRDA:355,39,0,0
BRDA:355,39,1,0
BRDA:360,40,0,0
BRDA:360,40,1,0
BRDA:360,40,2,0
BRDA:363,41,0,0
BRDA:363,41,1,0
BRDA:370,42,0,0
BRDA:370,42,1,0
BRDA:371,43,0,0
BRDA:371,43,1,0
BRDA:373,44,0,0
BRDA:373,44,1,0
BRDA:375,45,0,0
BRDA:375,45,1,0
BRDA:376,46,0,0
BRDA:376,46,1,0
BRDA:414,47,0,0
BRDA:416,48,0,0
BRDA:416,48,1,0
BRDA:421,49,0,0
BRDA:421,49,1,0
BRDA:422,50,0,0
BRDA:422,50,1,0
BRDA:432,51,0,0
BRDA:432,51,1,0
BRDA:442,52,0,0
BRDA:442,52,1,0
BRDA:445,53,0,0
BRDA:445,53,1,0
BRDA:452,54,0,0
BRDA:452,54,1,0
BRDA:461,55,0,0
BRDA:461,55,1,0
BRDA:468,56,0,0
BRDA:468,56,1,0
BRDA:493,57,0,0
BRDA:493,57,1,0
BRDA:507,58,0,0
BRDA:507,58,1,0
BRDA:537,59,0,0
BRDA:537,59,1,0
BRDA:553,60,0,0
BRF:119
BRH:0
end_of_record
TN:
SF:src/mq/MessageBrokerFactory.js
FN:33,(anonymous_0)
FN:56,(anonymous_1)
FN:58,(anonymous_2)
FN:59,(anonymous_3)
FN:60,(anonymous_4)
FN:61,(anonymous_5)
FN:62,(anonymous_6)
FN:64,(anonymous_7)
FN:65,(anonymous_8)
FN:66,(anonymous_9)
FN:68,(anonymous_10)
FN:69,(anonymous_11)
FN:70,(anonymous_12)
FN:71,(anonymous_13)
FNF:14
FNH:0
FNDA:0,(anonymous_0)
FNDA:0,(anonymous_1)
FNDA:0,(anonymous_2)
FNDA:0,(anonymous_3)
FNDA:0,(anonymous_4)
FNDA:0,(anonymous_5)
FNDA:0,(anonymous_6)
FNDA:0,(anonymous_7)
FNDA:0,(anonymous_8)
FNDA:0,(anonymous_9)
FNDA:0,(anonymous_10)
FNDA:0,(anonymous_11)
FNDA:0,(anonymous_12)
FNDA:0,(anonymous_13)
DA:8,0
DA:9,0
DA:10,0
DA:15,0
DA:35,0
DA:37,0
DA:39,0
DA:41,0
DA:43,0
DA:45,0
DA:46,0
DA:57,0
DA:58,0
DA:59,0
DA:60,0
DA:61,0
DA:62,0
DA:64,0
DA:65,0
DA:66,0
DA:68,0
DA:69,0
DA:70,0
DA:71,0
DA:76,0
DA:77,0
LF:26
LH:0
BRDA:33,0,0,0
BRDA:35,1,0,0
BRDA:35,1,1,0
BRDA:35,1,2,0
BRDA:37,2,0,0
BRDA:37,2,1,0
BRDA:37,2,2,0
BRDA:37,2,3,0
BRF:8
BRH:0
end_of_record
TN:
SF:src/mq/MessageHandler.js
FN:23,(anonymous_0)
FN:40,(anonymous_1)
FN:101,(anonymous_2)
FN:102,(anonymous_3)
FNF:4
FNH:0
FNDA:0,(anonymous_0)
FNDA:0,(anonymous_1)
FNDA:0,(anonymous_2)
FNDA:0,(anonymous_3)
DA:8,0
DA:24,0
DA:25,0
DA:26,0
DA:27,0
DA:30,0
DA:41,0
DA:42,0
DA:45,0
DA:46,0
DA:49,0
DA:50,0
DA:52,0
DA:55,0
DA:57,0
DA:60,0
DA:68,0
DA:69,0
DA:70,0
DA:73,0
DA:74,0
DA:75,0
DA:77,0
DA:83,0
DA:87,0
DA:102,0
DA:106,0
LF:27
LH:0
BRDA:23,0,0,0
BRDA:25,1,0,0
BRDA:25,1,1,0
BRDA:25,1,2,0
BRDA:26,2,0,0
BRDA:26,2,1,0
BRDA:26,2,2,0
BRDA:40,3,0,0
BRDA:41,4,0,0
BRDA:41,4,1,0
BRDA:68,5,0,0
BRDA:68,5,1,0
BRDA:73,6,0,0
BRDA:73,6,1,0
BRF:14
BRH:0
end_of_record
TN:
SF:src/mq/Producer.js
FN:23,(anonymous_0)
FN:47,(anonymous_1)
FN:70,(anonymous_2)
FN:113,(anonymous_3)
FN:119,(anonymous_4)
FN:155,(anonymous_5)
FN:164,(anonymous_6)
FN:180,(anonymous_7)
FNF:8
FNH:0
FNDA:0,(anonymous_0)
FNDA:0,(anonymous_1)
FNDA:0,(anonymous_2)
FNDA:0,(anonymous_3)
FNDA:0,(anonymous_4)
FNDA:0,(anonymous_5)
FNDA:0,(anonymous_6)
FNDA:0,(anonymous_7)
DA:8,0
DA:9,0
DA:24,0
DA:25,0
DA:28,0
DA:29,0
DA:30,0
DA:31,0
DA:32,0
DA:35,0
DA:48,0
DA:49,0
DA:50,0
DA:53,0
DA:54,0
DA:71,0
DA:73,0
DA:76,0
DA:79,0
DA:82,0
DA:89,0
DA:91,0
DA:94,0
DA:96,0
DA:102,0
DA:114,0
DA:116,0
DA:119,0
DA:130,0
DA:133,0
DA:134,0
DA:136,0
DA:139,0
DA:141,0
DA:146,0
DA:156,0
DA:165,0
DA:166,0
DA:167,0
DA:168,0
DA:182,0
DA:183,0
DA:185,0
DA:186,0
DA:190,0
DA:201,0
LF:46
LH:0
BRDA:23,0,0,0
BRDA:24,1,0,0
BRDA:24,1,1,0
BRDA:30,2,0,0
BRDA:30,2,1,0
BRDA:31,3,0,0
BRDA:31,3,1,0
BRDA:48,4,0,0
BRDA:48,4,1,0
BRDA:49,5,0,0
BRDA:49,5,1,0
BRDA:70,6,0,0
BRDA:79,7,0,0
BRDA:79,7,1,0
BRDA:99,8,0,0
BRDA:99,8,1,0
BRDA:113,9,0,0
BRDA:121,10,0,0
BRDA:121,10,1,0
BRDA:123,11,0,0
BRDA:123,11,1,0
BRDA:123,11,2,0
BRDA:125,12,0,0
BRDA:125,12,1,0
BRDA:165,13,0,0
BRDA:165,13,1,0
BRDA:180,14,0,0
BRDA:183,15,0,0
BRDA:183,15,1,0
BRDA:185,16,0,0
BRDA:185,16,1,0
BRDA:185,17,0,0
BRDA:185,17,1,0
BRDA:185,17,2,0
BRDA:192,18,0,0
BRDA:192,18,1,0
BRDA:196,19,0,0
BRDA:196,19,1,0
BRF:38
BRH:0
end_of_record
TN:
SF:src/mq/RabbitMQAdapter.js
FN:28,(anonymous_0)
FN:60,(anonymous_1)
FN:73,(anonymous_2)
FN:81,(anonymous_3)
FN:118,(anonymous_4)
FN:147,(anonymous_5)
FN:159,(anonymous_6)
FN:186,(anonymous_7)
FN:234,(anonymous_8)
FN:252,(anonymous_9)
FN:267,(anonymous_10)
FN:310,(anonymous_11)
FN:349,(anonymous_12)
FN:366,(anonymous_13)
FN:393,(anonymous_14)
FN:466,(anonymous_15)
FN:490,(anonymous_16)
FN:513,(anonymous_17)
FN:535,(anonymous_18)
FN:562,(anonymous_19)
FN:580,(anonymous_20)
FN:589,(anonymous_21)
FN:605,(anonymous_22)
FN:606,(anonymous_23)
FNF:24
FNH:0
FNDA:0,(anonymous_0)
FNDA:0,(anonymous_1)
FNDA:0,(anonymous_2)
FNDA:0,(anonymous_3)
FNDA:0,(anonymous_4)
FNDA:0,(anonymous_5)
FNDA:0,(anonymous_6)
FNDA:0,(anonymous_7)
FNDA:0,(anonymous_8)
FNDA:0,(anonymous_9)
FNDA:0,(anonymous_10)
FNDA:0,(anonymous_11)
FNDA:0,(anonymous_12)
FNDA:0,(anonymous_13)
FNDA:0,(anonymous_14)
FNDA:0,(anonymous_15)
FNDA:0,(anonymous_16)
FNDA:0,(anonymous_17)
FNDA:0,(anonymous_18)
FNDA:0,(anonymous_19)
FNDA:0,(anonymous_20)
FNDA:0,(anonymous_21)
FNDA:0,(anonymous_22)
FNDA:0,(anonymous_23)
DA:8,0
DA:9,0
DA:10,0
DA:30,0
DA:33,0
DA:39,0
DA:40,0
DA:43,0
DA:46,0
DA:47,0
DA:48,0
DA:49,0
DA:52,0
DA:61,0
DA:62,0
DA:65,0
DA:67,0
DA:70,0
DA:73,0
DA:74,0
DA:75,0
DA:76,0
DA:81,0
DA:82,0
DA:86,0
DA:87,0
DA:92,0
DA:95,0
DA:96,0
DA:98,0
DA:100,0
DA:105,0
DA:106,0
DA:108,0
DA:119,0
DA:121,0
DA:122,0
DA:123,0
DA:124,0
DA:127,0
DA:128,0
DA:129,0
DA:132,0
DA:134,0
DA:138,0
DA:148,0
DA:160,0
DA:161,0
DA:164,0
DA:172,0
DA:174,0
DA:176,0
DA:187,0
DA:188,0
DA:191,0
DA:205,0
DA:206,0
DA:209,0
DA:210,0
DA:213,0
DA:215,0
DA:217,0
DA:235,0
DA:236,0
DA:239,0
DA:241,0
DA:243,0
DA:253,0
DA:254,0
DA:258,0
DA:269,0
DA:270,0
DA:273,0
DA:274,0
DA:276,0
DA:291,0
DA:292,0
DA:293,0
DA:295,0
DA:300,0
DA:312,0
DA:313,0
DA:316,0
DA:317,0
DA:320,0
DA:321,0
DA:327,0
DA:330,0
DA:332,0
DA:335,0
DA:340,0
DA:350,0
DA:351,0
DA:354,0
DA:357,0
DA:368,0
DA:369,0
DA:372,0
DA:373,0
DA:377,0
DA:378,0
DA:384,0
DA:388,0
DA:389,0
DA:393,0
DA:394,0
DA:396,0
DA:398,0
DA:409,0
DA:412,0
DA:416,0
DA:423,0
DA:424,0
DA:425,0
DA:427,0
DA:434,0
DA:442,0
DA:449,0
DA:455,0
DA:457,0
DA:467,0
DA:468,0
DA:471,0
DA:472,0
DA:473,0
DA:474,0
DA:476,0
DA:480,0
DA:491,0
DA:492,0
DA:495,0
DA:496,0
DA:497,0
DA:499,0
DA:502,0
DA:514,0
DA:515,0
DA:518,0
DA:519,0
DA:520,0
DA:522,0
DA:525,0
DA:536,0
DA:537,0
DA:540,0
DA:541,0
DA:543,0
DA:547,0
DA:552,0
DA:563,0
DA:564,0
DA:565,0
DA:566,0
DA:567,0
DA:568,0
DA:570,0
DA:581,0
DA:590,0
DA:591,0
DA:592,0
DA:594,0
DA:597,0
DA:598,0
DA:599,0
DA:601,0
DA:603,0
DA:605,0
DA:606,0
DA:607,0
DA:616,0
LF:170
LH:0
BRDA:28,0,0,0
BRDA:30,1,0,0
BRDA:30,1,1,0
BRDA:34,2,0,0
BRDA:34,2,1,0
BRDA:47,3,0,0
BRDA:47,3,1,0
BRDA:49,4,0,0
BRDA:49,4,1,0
BRDA:61,5,0,0
BRDA:61,5,1,0
BRDA:74,6,0,0
BRDA:74,6,1,0
BRDA:86,7,0,0
BRDA:86,7,1,0
BRDA:95,8,0,0
BRDA:95,8,1,0
BRDA:105,9,0,0
BRDA:105,9,1,0
BRDA:122,10,0,0
BRDA:122,10,1,0
BRDA:127,11,0,0
BRDA:127,11,1,0
BRDA:148,12,0,0
BRDA:148,12,1,0
BRDA:159,13,0,0
BRDA:159,14,0,0
BRDA:160,15,0,0
BRDA:160,15,1,0
BRDA:166,16,0,0
BRDA:166,16,1,0
BRDA:167,17,0,0
BRDA:167,17,1,0
BRDA:169,18,0,0
BRDA:169,18,1,0
BRDA:186,19,0,0
BRDA:186,20,0,0
BRDA:187,21,0,0
BRDA:187,21,1,0
BRDA:192,22,0,0
BRDA:192,22,1,0
BRDA:194,23,0,0
BRDA:194,23,1,0
BRDA:201,24,0,0
BRDA:201,24,1,0
BRDA:205,25,0,0
BRDA:205,25,1,0
BRDA:209,26,0,0
BRDA:209,26,1,0
BRDA:234,27,0,0
BRDA:234,28,0,0
BRDA:235,29,0,0
BRDA:235,29,1,0
BRDA:252,30,0,0
BRDA:253,31,0,0
BRDA:253,31,1,0
BRDA:267,32,0,0
BRDA:269,33,0,0
BRDA:269,33,1,0
BRDA:273,34,0,0
BRDA:273,34,1,0
BRDA:280,35,0,0
BRDA:280,35,1,0
BRDA:281,36,0,0
BRDA:281,36,1,0
BRDA:282,37,0,0
BRDA:282,37,1,0
BRDA:312,38,0,0
BRDA:312,38,1,0
BRDA:349,39,0,0
BRDA:350,40,0,0
BRDA:350,40,1,0
BRDA:354,41,0,0
BRDA:354,41,1,0
BRDA:366,42,0,0
BRDA:368,43,0,0
BRDA:368,43,1,0
BRDA:372,44,0,0
BRDA:372,44,1,0
BRDA:373,45,0,0
BRDA:373,45,1,0
BRDA:377,46,0,0
BRDA:377,46,1,0
BRDA:388,47,0,0
BRDA:388,47,1,0
BRDA:394,48,0,0
BRDA:394,48,1,0
BRDA:412,49,0,0
BRDA:412,49,1,0
BRDA:412,50,0,0
BRDA:412,50,1,0
BRDA:423,51,0,0
BRDA:423,51,1,0
BRDA:423,52,0,0
BRDA:423,52,1,0
BRDA:435,53,0,0
BRDA:435,53,1,0
BRDA:436,54,0,0
BRDA:436,54,1,0
BRDA:438,55,0,0
BRDA:438,55,1,0
BRDA:467,56,0,0
BRDA:467,56,1,0
BRDA:467,57,0,0
BRDA:467,57,1,0
BRDA:491,58,0,0
BRDA:491,58,1,0
BRDA:496,59,0,0
BRDA:496,59,1,0
BRDA:513,60,0,0
BRDA:514,61,0,0
BRDA:514,61,1,0
BRDA:519,62,0,0
BRDA:519,62,1,0
BRDA:536,63,0,0
BRDA:536,63,1,0
BRDA:563,64,0,0
BRDA:563,64,1,0
BRDA:564,65,0,0
BRDA:564,65,1,0
BRDA:564,65,2,0
BRDA:565,66,0,0
BRDA:565,66,1,0
BRDA:565,66,2,0
BRDA:566,67,0,0
BRDA:566,67,1,0
BRDA:566,67,2,0
BRDA:567,68,0,0
BRDA:567,68,1,0
BRDA:567,68,2,0
BRDA:568,69,0,0
BRDA:568,69,1,0
BRDA:568,69,2,0
BRDA:590,70,0,0
BRDA:590,70,1,0
BRDA:590,71,0,0
BRDA:590,71,1,0
BRDA:591,72,0,0
BRDA:591,72,1,0
BRF:139
BRH:0
end_of_record
TN:
SF:src/mq/index.js
FN:21,createMessageBroker
FN:32,createProducer
FN:43,createConsumer
FNF:3
FNH:0
FNDA:0,createMessageBroker
FNDA:0,createProducer
FNDA:0,createConsumer
DA:8,0
DA:9,0
DA:10,0
DA:11,0
DA:12,0
DA:13,0
DA:22,0
DA:33,0
DA:44,0
DA:47,0
LF:10
LH:0
BRDA:21,0,0,0
BRDA:32,1,0,0
BRDA:43,2,0,0
BRF:3
BRH:0
end_of_record
TN:
SF:src/registry/ConsulRegistry.js
FN:27,(anonymous_0)
FN:68,(anonymous_1)
FN:115,(anonymous_2)
FN:148,(anonymous_3)
FN:177,(anonymous_4)
FN:204,(anonymous_5)
FN:223,(anonymous_6)
FN:244,(anonymous_7)
FN:263,(anonymous_8)
FN:272,(anonymous_9)
FNF:10
FNH:0
FNDA:0,(anonymous_0)
FNDA:0,(anonymous_1)
FNDA:0,(anonymous_2)
FNDA:0,(anonymous_3)
FNDA:0,(anonymous_4)
FNDA:0,(anonymous_5)
FNDA:0,(anonymous_6)
FNDA:0,(anonymous_7)
FNDA:0,(anonymous_8)
FNDA:0,(anonymous_9)
DA:8,0
DA:9,0
DA:10,0
DA:11,0
DA:29,0
DA:36,0
DA:37,0
DA:41,0
DA:42,0
DA:43,0
DA:45,0
DA:46,0
DA:50,0
DA:53,0
DA:69,0
DA:71,0
DA:74,0
DA:88,0
DA:91,0
DA:92,0
DA:94,0
DA:99,0
DA:101,0
DA:105,0
DA:116,0
DA:118,0
DA:119,0
DA:120,0
DA:123,0
DA:124,0
DA:126,0
DA:127,0
DA:128,0
DA:131,0
DA:132,0
DA:134,0
DA:138,0
DA:149,0
DA:151,0
DA:152,0
DA:155,0
DA:156,0
DA:157,0
DA:159,0
DA:163,0
DA:178,0
DA:179,0
DA:184,0
DA:189,0
DA:191,0
DA:195,0
DA:205,0
DA:206,0
DA:207,0
DA:209,0
DA:212,0
DA:224,0
DA:225,0
DA:226,0
DA:228,0
DA:232,0
DA:245,0
DA:246,0
DA:247,0
DA:249,0
DA:253,0
DA:264,0
DA:265,0
DA:268,0
DA:269,0
DA:272,0
DA:273,0
DA:276,0
DA:277,0
DA:278,0
DA:282,0
DA:286,0
LF:77
LH:0
BRDA:27,0,0,0
BRDA:30,1,0,0
BRDA:30,1,1,0
BRDA:30,1,2,0
BRDA:31,2,0,0
BRDA:31,2,1,0
BRDA:31,2,2,0
BRDA:32,3,0,0
BRDA:32,3,1,0
BRDA:32,3,2,0
BRDA:33,4,0,0
BRDA:33,4,1,0
BRDA:36,5,0,0
BRDA:36,5,1,0
BRDA:68,6,0,0
BRDA:71,7,0,0
BRDA:71,7,1,0
BRDA:77,8,0,0
BRDA:77,8,1,0
BRDA:78,9,0,0
BRDA:78,9,1,0
BRDA:79,10,0,0
BRDA:79,10,1,0
BRDA:79,10,2,0
BRDA:80,11,0,0
BRDA:80,11,1,0
BRDA:81,12,0,0
BRDA:81,12,1,0
BRDA:81,13,0,0
BRDA:81,13,1,0
BRDA:81,13,2,0
BRDA:115,14,0,0
BRDA:116,15,0,0
BRDA:116,15,1,0
BRDA:118,16,0,0
BRDA:118,16,1,0
BRDA:126,17,0,0
BRDA:126,17,1,0
BRDA:148,18,0,0
BRDA:149,19,0,0
BRDA:149,19,1,0
BRDA:151,20,0,0
BRDA:151,20,1,0
BRDA:177,21,0,0
BRDA:223,22,0,0
BRDA:226,23,0,0
BRDA:226,23,1,0
BRDA:244,24,0,0
BRDA:273,25,0,0
BRDA:273,25,1,0
BRDA:276,26,0,0
BRDA:276,26,1,0
BRF:52
BRH:0
end_of_record
TN:
SF:src/registry/RegistryFactory.js
FN:31,(anonymous_0)
FN:52,(anonymous_1)
FN:54,(anonymous_2)
FN:55,(anonymous_3)
FN:56,(anonymous_4)
FN:57,(anonymous_5)
FN:58,(anonymous_6)
FNF:7
FNH:0
FNDA:0,(anonymous_0)
FNDA:0,(anonymous_1)
FNDA:0,(anonymous_2)
FNDA:0,(anonymous_3)
FNDA:0,(anonymous_4)
FNDA:0,(anonymous_5)
FNDA:0,(anonymous_6)
DA:8,0
DA:9,0
DA:14,0
DA:33,0
DA:35,0
DA:37,0
DA:39,0
DA:41,0
DA:42,0
DA:53,0
DA:54,0
DA:55,0
DA:56,0
DA:57,0
DA:58,0
DA:63,0
LF:16
LH:0
BRDA:31,0,0,0
BRDA:33,1,0,0
BRDA:33,1,1,0
BRDA:33,1,2,0
BRDA:35,2,0,0
BRDA:35,2,1,0
BRDA:35,2,2,0
BRF:7
BRH:0
end_of_record
TN:
SF:src/registry/ServiceDiscovery.js
FN:40,(anonymous_0)
FN:74,(anonymous_1)
FN:105,(anonymous_2)
FN:144,(anonymous_3)
FN:189,(anonymous_4)
FN:190,(anonymous_5)
FN:210,(anonymous_6)
FN:213,(anonymous_7)
FN:217,(anonymous_8)
FN:240,(anonymous_9)
FN:245,(anonymous_10)
FN:270,(anonymous_11)
FN:283,(anonymous_12)
FN:305,(anonymous_13)
FNF:14
FNH:0
FNDA:0,(anonymous_0)
FNDA:0,(anonymous_1)
FNDA:0,(anonymous_2)
FNDA:0,(anonymous_3)
FNDA:0,(anonymous_4)
FNDA:0,(anonymous_5)
FNDA:0,(anonymous_6)
FNDA:0,(anonymous_7)
FNDA:0,(anonymous_8)
FNDA:0,(anonymous_9)
FNDA:0,(anonymous_10)
FNDA:0,(anonymous_11)
FNDA:0,(anonymous_12)
FNDA:0,(anonymous_13)
DA:8,0
DA:9,0
DA:10,0
DA:11,0
DA:12,0
DA:17,0
DA:42,0
DA:45,0
DA:50,0
DA:51,0
DA:54,0
DA:57,0
DA:60,0
DA:76,0
DA:77,0
DA:78,0
DA:79,0
DA:84,0
DA:87,0
DA:88,0
DA:94,0
DA:106,0
DA:107,0
DA:110,0
DA:111,0
DA:115,0
DA:117,0
DA:120,0
DA:123,0
DA:127,0
DA:128,0
DA:145,0
DA:147,0
DA:149,0
DA:150,0
DA:154,0
DA:156,0
DA:157,0
DA:161,0
DA:162,0
DA:165,0
DA:173,0
DA:178,0
DA:190,0
DA:191,0
DA:192,0
DA:193,0
DA:195,0
DA:206,0
DA:207,0
DA:210,0
DA:211,0
DA:213,0
DA:214,0
DA:217,0
DA:221,0
DA:222,0
DA:223,0
DA:225,0
DA:228,0
DA:231,0
DA:240,0
DA:241,0
DA:245,0
DA:246,0
DA:247,0
DA:251,0
DA:252,0
DA:256,0
DA:259,0
DA:271,0
DA:272,0
DA:285,0
DA:288,0
DA:291,0
DA:292,0
DA:294,0
DA:306,0
[...]
FNDA:0,(anonymous_2)
FNDA:0,(anonymous_3)
FNDA:0,(anonymous_4)
FNDA:0,(anonymous_5)
FNDA:0,(anonymous_6)
FNDA:0,(anonymous_7)
FNDA:0,(anonymous_8)
FNDA:0,(anonymous_9)
FNDA:0,(anonymous_10)
FNDA:0,(anonymous_11)
FNDA:0,(anonymous_12)
FNDA:0,(anonymous_13)
FNDA:0,(anonymous_14)
FNDA:0,(anonymous_15)
FNDA:0,createFunctionBasedProvider
FNDA:0,createPolicyBasedProvider
FNDA:0,createAuthorizationGuard
DA:8,0
DA:25,0
DA:39,0
DA:40,0
DA:41,0
DA:43,0
DA:56,0
DA:57,0
DA:59,0
DA:60,0
DA:76,0
DA:77,0
DA:78,0
DA:79,0
DA:93,0
DA:96,0
DA:97,0
DA:98,0
DA:102,0
DA:109,0
DA:110,0
DA:112,0
DA:113,0
DA:117,0
DA:118,0
DA:126,0
DA:127,0
DA:128,0
DA:129,0
DA:133,0
DA:140,0
DA:141,0
DA:143,0
DA:144,0
DA:148,0
DA:155,0
DA:175,0
DA:176,0
DA:177,0
DA:187,0
DA:188,0
DA:190,0
DA:200,0
DA:201,0
DA:214,0
DA:215,0
DA:216,0
DA:219,0
DA:220,0
DA:224,0
DA:226,0
DA:229,0
DA:232,0
DA:233,0
DA:245,0
DA:255,0
DA:266,0
DA:269,0
LF:58
LH:0
BRDA:23,0,0,0
BRDA:40,1,0,0
BRDA:40,1,1,0
BRDA:55,2,0,0
BRDA:75,3,0,0
BRDA:78,4,0,0
BRDA:78,4,1,0
BRDA:79,5,0,0
BRDA:79,5,1,0
BRDA:92,6,0,0
BRDA:98,7,0,0
BRDA:98,7,1,0
BRDA:109,8,0,0
BRDA:109,8,1,0
BRDA:112,9,0,0
BRDA:112,9,1,0
BRDA:129,10,0,0
BRDA:129,10,1,0
BRDA:140,11,0,0
BRDA:140,11,1,0
BRDA:143,12,0,0
BRDA:143,12,1,0
BRDA:174,13,0,0
BRDA:176,14,0,0
BRDA:176,14,1,0
BRDA:177,15,0,0
BRDA:177,15,1,0
BRDA:187,16,0,0
BRDA:187,16,1,0
BRDA:213,17,0,0
BRDA:215,18,0,0
BRDA:215,18,1,0
BRDA:224,19,0,0
BRDA:224,19,1,0
BRDA:254,20,0,0
BRDA:265,21,0,0
BRF:36
BRH:0
end_of_record
TN:
SF:src/security/cors.js
FN:11,createCorsMiddleware
FN:23,(anonymous_1)
FN:86,validateCorsOptions
FNF:3
FNH:0
FNDA:0,createCorsMiddleware
FNDA:0,(anonymous_1)
FNDA:0,validateCorsOptions
DA:12,0
DA:21,0
DA:23,0
DA:27,0
DA:28,0
DA:29,0
DA:30,0
DA:32,0
DA:36,0
DA:37,0
DA:41,0
DA:43,0
DA:44,0
DA:48,0
DA:49,0
DA:53,0
DA:54,0
DA:58,0
DA:59,0
DA:63,0
DA:64,0
DA:68,0
DA:69,0
DA:73,0
DA:74,0
DA:77,0
DA:87,0
DA:88,0
DA:93,0
DA:94,0
DA:99,0
DA:105,0
LF:32
LH:0
BRDA:11,0,0,0
BRDA:27,1,0,0
BRDA:27,1,1,0
BRDA:29,2,0,0
BRDA:29,2,1,0
BRDA:30,3,0,0
BRDA:30,3,1,0
BRDA:36,4,0,0
BRDA:36,4,1,0
BRDA:41,5,0,0
BRDA:41,5,1,0
BRDA:43,6,0,0
BRDA:43,6,1,0
BRDA:43,7,0,0
BRDA:43,7,1,0
BRDA:48,8,0,0
BRDA:48,8,1,0
BRDA:48,9,0,0
BRDA:48,9,1,0
BRDA:53,10,0,0
BRDA:53,10,1,0
BRDA:58,11,0,0
BRDA:58,11,1,0
BRDA:68,12,0,0
BRDA:68,12,1,0
BRDA:68,13,0,0
BRDA:68,13,1,0
BRDA:73,14,0,0
BRDA:73,14,1,0
BRDA:87,15,0,0
BRDA:87,15,1,0
BRDA:93,16,0,0
BRDA:93,16,1,0
BRF:33
BRH:0
end_of_record
TN:
SF:src/security/csrf.js
FN:24,(anonymous_0)
FN:39,(anonymous_1)
FN:68,(anonymous_2)
FN:109,(anonymous_3)
FN:111,(anonymous_4)
FN:122,(anonymous_5)
FN:135,(anonymous_6)
FN:163,(anonymous_7)
FN:176,(anonymous_8)
FN:230,(anonymous_9)
FN:243,(anonymous_10)
FN:292,(anonymous_11)
FN:318,createCSRFManager
FNF:13
FNH:0
FNDA:0,(anonymous_0)
FNDA:0,(anonymous_1)
FNDA:0,(anonymous_2)
FNDA:0,(anonymous_3)
FNDA:0,(anonymous_4)
FNDA:0,(anonymous_5)
FNDA:0,(anonymous_6)
FNDA:0,(anonymous_7)
FNDA:0,(anonymous_8)
FNDA:0,(anonymous_9)
FNDA:0,(anonymous_10)
FNDA:0,(anonymous_11)
FNDA:0,createCSRFManager
DA:8,0
DA:9,0
DA:25,0
DA:26,0
DA:27,0
DA:28,0
DA:29,0
DA:30,0
DA:40,0
DA:42,0
DA:45,0
DA:46,0
DA:49,0
DA:50,0
DA:51,0
DA:54,0
DA:56,0
DA:57,0
DA:69,0
DA:71,0
DA:72,0
DA:73,0
DA:76,0
DA:79,0
DA:80,0
DA:84,0
DA:85,0
DA:86,0
DA:87,0
DA:91,0
DA:92,0
DA:93,0
DA:94,0
DA:96,0
DA:98,0
DA:99,0
DA:110,0
DA:111,0
DA:113,0
DA:123,0
DA:124,0
DA:126,0
DA:137,0
DA:138,0
DA:142,0
DA:143,0
DA:144,0
DA:145,0
DA:146,0
DA:147,0
DA:151,0
DA:164,0
DA:165,0
DA:166,0
DA:176,0
DA:178,0
DA:181,0
DA:184,0
DA:187,0
DA:188,0
DA:192,0
DA:193,0
DA:197,0
DA:200,0
DA:206,0
DA:207,0
DA:208,0
DA:212,0
DA:217,0
DA:231,0
DA:232,0
DA:233,0
DA:243,0
DA:245,0
DA:248,0
DA:251,0
DA:254,0
DA:255,0
DA:259,0
DA:260,0
DA:264,0
DA:267,0
DA:273,0
DA:274,0
DA:282,0
DA:294,0
DA:295,0
DA:299,0
DA:300,0
DA:301,0
DA:302,0
DA:303,0
DA:304,0
DA:308,0
DA:319,0
DA:322,0
LF:96
LH:0
BRDA:24,0,0,0
BRDA:25,1,0,0
BRDA:25,1,1,0
BRDA:25,1,2,0
BRDA:26,2,0,0
BRDA:26,2,1,0
BRDA:27,3,0,0
BRDA:27,3,1,0
BRDA:28,4,0,0
BRDA:28,4,1,0
BRDA:39,5,0,0
BRDA:42,6,0,0
BRDA:42,6,1,0
BRDA:68,7,0,0
BRDA:72,8,0,0
BRDA:72,8,1,0
BRDA:79,9,0,0
BRDA:79,9,1,0
BRDA:79,10,0,0
BRDA:79,10,1,0
BRDA:86,11,0,0
BRDA:86,11,1,0
BRDA:86,12,0,0
BRDA:86,12,1,0
BRDA:110,13,0,0
BRDA:110,13,1,0
BRDA:123,14,0,0
BRDA:123,14,1,0
BRDA:137,15,0,0
BRDA:137,15,1,0
BRDA:144,16,0,0
BRDA:144,16,1,0
BRDA:144,17,0,0
BRDA:144,17,1,0
BRDA:146,18,0,0
BRDA:146,18,1,0
BRDA:146,19,0,0
BRDA:146,19,1,0
BRDA:163,20,0,0
BRDA:170,21,0,0
BRDA:170,21,1,0
BRDA:178,22,0,0
BRDA:178,22,1,0
BRDA:187,23,0,0
BRDA:187,23,1,0
BRDA:192,24,0,0
BRDA:192,24,1,0
BRDA:197,25,0,0
BRDA:197,25,1,0
BRDA:200,26,0,0
BRDA:200,26,1,0
BRDA:200,26,2,0
BRDA:200,26,3,0
BRDA:206,27,0,0
BRDA:206,27,1,0
BRDA:206,28,0,0
BRDA:206,28,1,0
BRDA:230,29,0,0
BRDA:237,30,0,0
BRDA:237,30,1,0
BRDA:245,31,0,0
BRDA:245,31,1,0
BRDA:254,32,0,0
BRDA:254,32,1,0
BRDA:254,33,0,0
BRDA:254,33,1,0
BRDA:259,34,0,0
BRDA:259,34,1,0
BRDA:264,35,0,0
BRDA:264,35,1,0
BRDA:267,36,0,0
BRDA:267,36,1,0
BRDA:267,36,2,0
BRDA:267,36,3,0
BRDA:273,37,0,0
BRDA:273,37,1,0
BRDA:273,38,0,0
BRDA:273,38,1,0
BRDA:294,39,0,0
BRDA:294,39,1,0
BRDA:301,40,0,0
BRDA:301,40,1,0
BRDA:301,41,0,0
BRDA:301,41,1,0
BRDA:303,42,0,0
BRDA:303,42,1,0
BRDA:303,43,0,0
BRDA:303,43,1,0
BRDA:318,44,0,0
BRF:89
BRH:0
end_of_record
TN:
SF:src/security/encryption.js
FN:24,aesEncrypt
FN:62,aesDecrypt
FN:95,rsaEncrypt
FN:120,rsaDecrypt
FN:148,generateRSAKeyPair
FN:175,generateRandomKey
FN:187,normalizeKey
FNF:7
FNH:0
FNDA:0,aesEncrypt
FNDA:0,aesDecrypt
FNDA:0,rsaEncrypt
FNDA:0,rsaDecrypt
FNDA:0,generateRSAKeyPair
FNDA:0,generateRandomKey
FNDA:0,normalizeKey
DA:8,0
DA:9,0
DA:14,0
DA:25,0
DA:27,0
DA:30,0
DA:33,0
DA:36,0
DA:37,0
DA:40,0
DA:42,0
DA:48,0
DA:49,0
DA:63,0
DA:65,0
DA:68,0
DA:69,0
DA:72,0
DA:75,0
DA:78,0
DA:79,0
DA:81,0
DA:83,0
DA:84,0
DA:96,0
DA:97,0
DA:106,0
DA:108,0
DA:109,0
DA:121,0
DA:122,0
DA:126,0
DA:135,0
DA:137,0
DA:138,0
DA:149,0
DA:150,0
DA:162,0
DA:164,0
DA:165,0
DA:176,0
DA:190,0
DA:191,0
DA:192,0
DA:193,0
DA:195,0
DA:199,0
DA:200,0
DA:204,0
DA:205,0
DA:209,0
DA:212,0
LF:52
LH:0
BRDA:30,0,0,0
BRDA:30,0,1,0
BRDA:68,1,0,0
BRDA:68,1,1,0
BRDA:69,2,0,0
BRDA:69,2,1,0
BRDA:122,3,0,0
BRDA:122,3,1,0
BRDA:148,4,0,0
BRDA:175,5,0,0
BRDA:190,6,0,0
BRDA:190,6,1,0
BRDA:192,7,0,0
BRDA:192,7,1,0
BRDA:199,8,0,0
BRDA:199,8,1,0
BRDA:204,9,0,0
BRDA:204,9,1,0
BRF:18
BRH:0
end_of_record
TN:
SF:src/security/hash.js
FN:18,md5
FN:34,sha1
FN:50,sha256
FN:66,sha512
FN:83,hash
FN:101,hmac
FN:118,hmacSha256
FN:129,sha3_256
FN:147,fileHash
FN:150,(anonymous_9)
FN:155,(anonymous_10)
FN:159,(anonymous_11)
FN:163,(anonymous_12)
FNF:13
FNH:0
FNDA:0,md5
FNDA:0,sha1
FNDA:0,sha256
FNDA:0,sha512
FNDA:0,hash
FNDA:0,hmac
FNDA:0,hmacSha256
FNDA:0,sha3_256
FNDA:0,fileHash
FNDA:0,(anonymous_9)
FNDA:0,(anonymous_10)
FNDA:0,(anonymous_11)
FNDA:0,(anonymous_12)
DA:8,0
DA:9,0
DA:19,0
DA:20,0
DA:22,0
DA:23,0
DA:35,0
DA:36,0
DA:38,0
DA:39,0
DA:51,0
DA:52,0
DA:54,0
DA:55,0
DA:67,0
DA:68,0
DA:70,0
DA:71,0
DA:84,0
DA:85,0
DA:87,0
DA:88,0
DA:102,0
DA:103,0
DA:105,0
DA:106,0
DA:119,0
DA:130,0
DA:131,0
DA:134,0
DA:135,0
DA:148,0
DA:150,0
DA:151,0
DA:152,0
DA:153,0
DA:155,0
DA:156,0
DA:159,0
DA:160,0
DA:163,0
DA:164,0
DA:165,0
DA:168,0
DA:169,0
DA:174,0
LF:46
LH:0
BRDA:18,0,0,0
BRDA:34,1,0,0
BRDA:50,2,0,0
BRDA:66,3,0,0
BRDA:83,4,0,0
BRDA:101,5,0,0
BRDA:118,6,0,0
BRDA:129,7,0,0
BRDA:147,8,0,0
BRDA:147,9,0,0
BRF:10
BRH:0
end_of_record
TN:
SF:src/security/helmet.js
FN:14,createHelmetMiddleware
FN:23,getDefaultConfig
FN:59,validateHelmetOptions
FNF:3
FNH:0
FNDA:0,createHelmetMiddleware
FNDA:0,getDefaultConfig
FNDA:0,validateHelmetOptions
DA:6,0
DA:15,0
DA:24,0
DA:60,0
DA:61,0
DA:66,0
DA:67,0
DA:72,0
DA:78,0
LF:9
LH:0
BRDA:14,0,0,0
BRDA:60,1,0,0
BRDA:60,1,1,0
BRDA:66,2,0,0
BRDA:66,2,1,0
BRF:5
BRH:0
end_of_record
TN:
SF:src/security/index.js
FN:32,(anonymous_0)
FN:43,(anonymous_1)
FN:54,(anonymous_2)
FN:55,(anonymous_3)
FN:56,(anonymous_4)
FN:57,(anonymous_5)
FN:58,(anonymous_6)
FN:59,(anonymous_7)
FN:64,(anonymous_8)
FN:65,(anonymous_9)
FN:66,(anonymous_10)
FN:67,(anonymous_11)
FN:68,(anonymous_12)
FN:69,(anonymous_13)
FN:73,(anonymous_14)
FN:74,(anonymous_15)
FN:75,(anonymous_16)
FN:76,(anonymous_17)
FN:77,(anonymous_18)
FNF:19
FNH:0
FNDA:0,(anonymous_0)
FNDA:0,(anonymous_1)
FNDA:0,(anonymous_2)
FNDA:0,(anonymous_3)
FNDA:0,(anonymous_4)
FNDA:0,(anonymous_5)
FNDA:0,(anonymous_6)
FNDA:0,(anonymous_7)
FNDA:0,(anonymous_8)
FNDA:0,(anonymous_9)
FNDA:0,(anonymous_10)
FNDA:0,(anonymous_11)
FNDA:0,(anonymous_12)
FNDA:0,(anonymous_13)
FNDA:0,(anonymous_14)
FNDA:0,(anonymous_15)
FNDA:0,(anonymous_16)
FNDA:0,(anonymous_17)
FNDA:0,(anonymous_18)
DA:13,0
DA:14,0
DA:15,0
DA:16,0
DA:17,0
DA:18,0
DA:19,0
DA:20,0
DA:21,0
DA:22,0
DA:25,0
DA:33,0
DA:34,0
DA:44,0
DA:45,0
DA:50,0
DA:54,0
DA:55,0
DA:56,0
DA:57,0
DA:58,0
DA:59,0
DA:64,0
DA:65,0
DA:66,0
DA:67,0
DA:68,0
DA:69,0
DA:73,0
DA:74,0
DA:75,0
DA:76,0
DA:77,0
DA:81,0
DA:123,0
DA:124,0
DA:125,0
LF:37
LH:0
BRDA:32,0,0,0
BRDA:43,1,0,0
BRF:2
BRH:0
end_of_record
TN:
SF:src/security/password.js
FN:37,hashPassword
FN:101,verifyPassword
FN:180,generatePassword
FN:227,checkPasswordStrength
FNF:4
FNH:0
FNDA:0,hashPassword
FNDA:0,verifyPassword
FNDA:0,generatePassword
FNDA:0,checkPasswordStrength
DA:8,0
DA:9,0
DA:14,0
DA:38,0
DA:40,0
DA:43,0
DA:44,0
DA:50,0
DA:52,0
DA:59,0
DA:60,0
DA:64,0
DA:65,0
DA:66,0
DA:68,0
DA:74,0
DA:75,0
DA:79,0
DA:80,0
DA:83,0
DA:87,0
DA:89,0
DA:90,0
DA:102,0
DA:104,0
DA:105,0
DA:106,0
DA:109,0
DA:110,0
DA:111,0
DA:117,0
DA:119,0
DA:120,0
DA:121,0
DA:124,0
DA:125,0
DA:126,0
DA:128,0
DA:135,0
DA:138,0
DA:139,0
DA:140,0
DA:143,0
DA:144,0
DA:145,0
DA:146,0
DA:148,0
DA:154,0
DA:157,0
DA:161,0
DA:163,0
DA:164,0
DA:181,0
DA:191,0
DA:193,0
DA:194,0
DA:195,0
DA:196,0
DA:199,0
DA:200,0
DA:201,0
DA:205,0
DA:206,0
DA:210,0
DA:211,0
DA:213,0
DA:214,0
DA:215,0
DA:218,0
DA:228,0
DA:229,0
DA:236,0
DA:237,0
DA:240,0
DA:241,0
DA:242,0
DA:243,0
DA:244,0
DA:247,0
DA:248,0
DA:249,0
DA:250,0
DA:253,0
DA:254,0
DA:257,0
DA:258,0
DA:261,0
DA:262,0
DA:265,0
DA:266,0
DA:269,0
DA:270,0
DA:275,0
DA:276,0
DA:277,0
DA:278,0
DA:279,0
DA:280,0
DA:282,0
DA:285,0
DA:292,0
LF:101
LH:0
BRDA:37,0,0,0
BRDA:43,1,0,0
BRDA:43,1,1,0
BRDA:44,2,0,0
BRDA:44,2,1,0
BRDA:50,3,0,0
BRDA:50,3,1,0
BRDA:50,3,2,0
BRDA:50,3,3,0
BRDA:64,4,0,0
BRDA:64,4,1,0
BRDA:65,5,0,0
BRDA:65,5,1,0
BRDA:66,6,0,0
BRDA:66,6,1,0
BRDA:105,7,0,0
BRDA:105,7,1,0
BRDA:117,8,0,0
BRDA:117,8,1,0
BRDA:117,8,2,0
BRDA:120,9,0,0
BRDA:120,9,1,0
BRDA:139,10,0,0
BRDA:139,10,1,0
BRDA:180,11,0,0
BRDA:182,12,0,0
BRDA:182,12,1,0
BRDA:187,13,0,0
BRDA:187,13,1,0
BRDA:193,14,0,0
BRDA:193,14,1,0
BRDA:194,15,0,0
BRDA:194,15,1,0
BRDA:195,16,0,0
BRDA:195,16,1,0
BRDA:196,17,0,0
BRDA:196,17,1,0
BRDA:199,18,0,0
BRDA:199,18,1,0
BRDA:205,19,0,0
BRDA:205,19,1,0
BRDA:228,20,0,0
BRDA:228,20,1,0
BRDA:240,21,0,0
BRDA:240,21,1,0
BRDA:241,22,0,0
BRDA:241,22,1,0
BRDA:242,23,0,0
BRDA:242,23,1,0
BRDA:243,24,0,0
BRDA:243,24,1,0
BRDA:244,25,0,0
BRDA:244,25,1,0
BRDA:247,26,0,0
BRDA:247,26,1,0
BRDA:248,27,0,0
BRDA:248,27,1,0
BRDA:249,28,0,0
BRDA:249,28,1,0
BRDA:250,29,0,0
BRDA:250,29,1,0
BRDA:253,30,0,0
BRDA:253,30,1,0
BRDA:257,31,0,0
BRDA:257,31,1,0
BRDA:261,32,0,0
BRDA:261,32,1,0
BRDA:265,33,0,0
BRDA:265,33,1,0
BRDA:269,34,0,0
BRDA:269,34,1,0
BRDA:275,35,0,0
BRDA:275,35,1,0
BRDA:277,36,0,0
BRDA:277,36,1,0
BRDA:279,37,0,0
BRDA:279,37,1,0
BRDA:288,38,0,0
BRDA:288,38,1,0
BRF:79
BRH:0
end_of_record
TN:
SF:src/security/rateLimit.js
FN:17,createRateLimitMiddleware
FN:21,(anonymous_1)
FN:22,(anonymous_2)
FN:39,(anonymous_3)
FN:50,(anonymous_4)
FN:93,validateRateLimitOptions
FNF:6
FNH:0
FNDA:0,createRateLimitMiddleware
FNDA:0,(anonymous_1)
FNDA:0,(anonymous_2)
FNDA:0,(anonymous_3)
FNDA:0,(anonymous_4)
FNDA:0,validateRateLimitOptions
DA:18,0
DA:21,0
DA:23,0
DA:24,0
DA:33,0
DA:36,0
DA:39,0
DA:40,0
DA:42,0
DA:43,0
DA:44,0
DA:45,0
DA:50,0
DA:51,0
DA:53,0
DA:54,0
DA:56,0
DA:57,0
DA:61,0
DA:65,0
DA:66,0
DA:70,0
DA:73,0
DA:74,0
DA:75,0
DA:78,0
DA:81,0
DA:82,0
DA:94,0
DA:95,0
DA:100,0
DA:101,0
DA:106,0
DA:112,0
LF:34
LH:0
BRDA:17,0,0,0
BRDA:44,1,0,0
BRDA:44,1,1,0
BRDA:56,2,0,0
BRDA:56,2,1,0
BRDA:56,3,0,0
BRDA:56,3,1,0
BRDA:65,4,0,0
BRDA:65,4,1,0
BRDA:81,5,0,0
BRDA:81,5,1,0
BRDA:81,6,0,0
BRDA:81,6,1,0
BRDA:94,7,0,0
BRDA:94,7,1,0
BRDA:100,8,0,0
BRDA:100,8,1,0
BRF:17
BRH:0
end_of_record
TN:
SF:src/security/sanitizer.js
FN:15,sanitizeHtml
FN:49,escapeHtml
FN:60,(anonymous_2)
FN:69,sanitizeSql
FN:93,sanitizeJs
FN:107,sanitizeObject
FNF:6
FNH:0
FNDA:0,sanitizeHtml
FNDA:0,escapeHtml
FNDA:0,(anonymous_2)
FNDA:0,sanitizeSql
FNDA:0,sanitizeJs
FNDA:0,sanitizeObject
DA:16,0
DA:18,0
DA:28,0
DA:30,0
DA:31,0
DA:32,0
DA:33,0
DA:34,0
DA:36,0
DA:39,0
DA:50,0
DA:52,0
DA:60,0
DA:70,0
DA:73,0
DA:94,0
DA:97,0
DA:108,0
DA:110,0
DA:112,0
DA:113,0
DA:114,0
DA:116,0
DA:117,0
DA:118,0
DA:119,0
DA:121,0
DA:126,0
DA:129,0
LF:29
LH:0
BRDA:15,0,0,0
BRDA:16,1,0,0
BRDA:16,1,1,0
BRDA:50,2,0,0
BRDA:50,2,1,0
BRDA:70,3,0,0
BRDA:70,3,1,0
BRDA:94,4,0,0
BRDA:94,4,1,0
BRDA:107,5,0,0
BRDA:108,6,0,0
BRDA:108,6,1,0
BRDA:108,7,0,0
BRDA:108,7,1,0
BRDA:110,8,0,0
BRDA:110,8,1,0
BRDA:113,9,0,0
BRDA:113,9,1,0
BRDA:116,10,0,0
BRDA:116,10,1,0
BRDA:118,11,0,0
BRDA:118,11,1,0
BRDA:118,12,0,0
BRDA:118,12,1,0
BRF:24
BRH:0
end_of_record
TN:
SF:src/security/xss.js
FN:42,escapeHtml
FN:47,(anonymous_1)
FN:56,unescapeHtml
FN:61,(anonymous_3)
FN:70,escapeObject
FN:77,(anonymous_5)
FN:102,createContentFilter
FN:121,filterHtml
FN:156,sanitizeUrl
FN:190,koaMiddleware
FN:194,(anonymous_10)
FN:238,expressMiddleware
FN:242,(anonymous_12)
FNF:13
FNH:0
FNDA:0,escapeHtml
FNDA:0,(anonymous_1)
FNDA:0,unescapeHtml
FNDA:0,(anonymous_3)
FNDA:0,escapeObject
FNDA:0,(anonymous_5)
FNDA:0,createContentFilter
FNDA:0,filterHtml
FNDA:0,sanitizeUrl
FNDA:0,koaMiddleware
FNDA:0,(anonymous_10)
FNDA:0,expressMiddleware
FNDA:0,(anonymous_12)
DA:8,0
DA:13,0
DA:26,0
DA:43,0
DA:44,0
DA:47,0
DA:57,0
DA:58,0
DA:61,0
DA:71,0
DA:72,0
DA:76,0
DA:77,0
DA:81,0
DA:82,0
DA:83,0
DA:84,0
DA:85,0
DA:86,0
DA:88,0
DA:92,0
DA:104,0
DA:112,0
DA:117,0
DA:118,0
DA:121,0
DA:122,0
DA:123,0
DA:126,0
DA:128,0
DA:131,0
DA:134,0
DA:137,0
DA:142,0
DA:144,0
DA:145,0
DA:157,0
DA:158,0
DA:162,0
DA:165,0
DA:166,0
DA:170,0
DA:172,0
DA:173,0
DA:175,0
DA:179,0
DA:191,0
DA:192,0
DA:194,0
DA:196,0
DA:198,0
DA:202,0
DA:205,0
DA:208,0
DA:212,0
DA:213,0
DA:214,0
DA:217,0
DA:218,0
DA:221,0
DA:222,0
DA:226,0
DA:239,0
DA:240,0
DA:242,0
DA:244,0
DA:246,0
DA:250,0
DA:253,0
DA:256,0
DA:260,0
DA:261,0
DA:262,0
DA:265,0
DA:266,0
DA:269,0
DA:270,0
DA:274,0
DA:279,0
LF:79
LH:0
BRDA:43,0,0,0
BRDA:43,0,1,0
BRDA:43,1,0,0
BRDA:43,1,1,0
BRDA:57,2,0,0
BRDA:57,2,1,0
BRDA:57,3,0,0
BRDA:57,3,1,0
BRDA:71,4,0,0
BRDA:71,4,1,0
BRDA:71,5,0,0
BRDA:71,5,1,0
BRDA:76,6,0,0
BRDA:76,6,1,0
BRDA:83,7,0,0
BRDA:83,7,1,0
BRDA:85,8,0,0
BRDA:85,8,1,0
BRDA:85,9,0,0
BRDA:85,9,1,0
BRDA:102,10,0,0
BRDA:102,11,0,0
BRDA:122,12,0,0
BRDA:122,12,1,0
BRDA:122,13,0,0
BRDA:122,13,1,0
BRDA:157,14,0,0
BRDA:157,14,1,0
BRDA:157,15,0,0
BRDA:157,15,1,0
BRDA:165,16,0,0
BRDA:165,16,1,0
BRDA:170,17,0,0
BRDA:170,17,1,0
BRDA:172,18,0,0
BRDA:172,18,1,0
BRDA:190,19,0,0
BRDA:196,20,0,0
BRDA:196,20,1,0
BRDA:198,21,0,0
BRDA:198,21,1,0
BRDA:212,22,0,0
BRDA:212,22,1,0
BRDA:213,23,0,0
BRDA:213,23,1,0
BRDA:213,24,0,0
BRDA:213,24,1,0
BRDA:217,25,0,0
BRDA:217,25,1,0
BRDA:217,26,0,0
BRDA:217,26,1,0
BRDA:221,27,0,0
BRDA:221,27,1,0
BRDA:221,28,0,0
BRDA:221,28,1,0
BRDA:238,29,0,0
BRDA:244,30,0,0
BRDA:244,30,1,0
BRDA:246,31,0,0
BRDA:246,31,1,0
BRDA:260,32,0,0
BRDA:260,32,1,0
BRDA:261,33,0,0
BRDA:261,33,1,0
BRDA:261,34,0,0
BRDA:261,34,1,0
BRDA:265,35,0,0
BRDA:265,35,1,0
BRDA:265,36,0,0
BRDA:265,36,1,0
BRDA:269,37,0,0
BRDA:269,37,1,0
BRDA:269,38,0,0
BRDA:269,38,1,0
BRF:74
BRH:0
end_of_record
TN:
SF:src/services/businessService.js
FN:5,(anonymous_0)
FN:18,(anonymous_1)
FNF:2
FNH:0
FNDA:0,(anonymous_0)
FNDA:0,(anonymous_1)
DA:1,0
DA:2,0
DA:6,0
DA:7,0
DA:8,0
DA:19,0
DA:21,0
DA:22,0
DA:26,0
DA:27,0
DA:28,0
DA:31,0
DA:34,0
DA:39,0
DA:47,0
DA:51,0
DA:56,0
LF:17
LH:0
BRDA:21,0,0,0
BRDA:21,0,1,0
BRDA:21,1,0,0
BRDA:21,1,1,0
BRDA:27,2,0,0
BRDA:27,2,1,0
BRDA:27,3,0,0
BRDA:27,3,1,0
BRF:8
BRH:0
end_of_record
TN:
SF:src/utils/AppError.js
FN:15,(anonymous_0)
FN:34,(anonymous_1)
FN:46,(anonymous_2)
FN:57,(anonymous_3)
FN:68,(anonymous_4)
FN:79,(anonymous_5)
FN:90,(anonymous_6)
FNF:7
FNH:0
FNDA:0,(anonymous_0)
FNDA:0,(anonymous_1)
FNDA:0,(anonymous_2)
FNDA:0,(anonymous_3)
FNDA:0,(anonymous_4)
FNDA:0,(anonymous_5)
FNDA:0,(anonymous_6)
DA:6,0
DA:16,0
DA:18,0
DA:19,0
DA:20,0
DA:21,0
DA:22,0
DA:25,0
DA:35,0
DA:47,0
DA:58,0
DA:69,0
DA:80,0
DA:91,0
DA:97,0
LF:15
LH:0
BRDA:15,0,0,0
BRDA:15,1,0,0
BRDA:20,2,0,0
BRDA:20,2,1,0
BRDA:34,3,0,0
BRDA:46,4,0,0
BRDA:57,5,0,0
BRDA:68,6,0,0
BRDA:79,7,0,0
BRDA:90,8,0,0
BRF:10
BRH:0
end_of_record
TN:
SF:src/utils/api.js
FN:14,(anonymous_0)
FN:29,(anonymous_1)
FN:64,(anonymous_2)
FNF:3
FNH:3
FNDA:3,(anonymous_0)
FNDA:4,(anonymous_1)
FNDA:2,(anonymous_2)
DA:1,2
DA:2,2
DA:7,2
DA:15,3
DA:30,4
DA:33,4
DA:41,4
DA:52,4
DA:53,1
DA:56,4
DA:65,2
DA:66,2
DA:67,1
DA:69,1
DA:70,1
DA:75,2
LF:16
LH:16
BRDA:14,0,0,1
BRDA:14,1,0,2
BRDA:29,2,0,4
BRDA:30,3,0,4
BRDA:43,4,0,4
BRDA:43,4,1,0
BRDA:45,5,0,4
BRDA:45,5,1,2
BRDA:46,6,0,4
BRDA:46,6,1,2
BRDA:52,7,0,1
BRDA:52,7,1,3
BRDA:52,8,0,4
BRDA:52,8,1,1
BRDA:69,9,0,1
BRDA:69,9,1,0
BRF:16
BRH:14
end_of_record
TN:
SF:src/utils/errorHandler.js
FN:33,createErrorResponse
FN:82,createErrorHandler
FN:83,(anonymous_2)
FNF:3
FNH:0
FNDA:0,createErrorResponse
FNDA:0,createErrorHandler
FNDA:0,(anonymous_2)
DA:7,0
DA:17,0
DA:37,0
DA:40,0
DA:41,0
DA:44,0
DA:52,0
DA:53,0
DA:62,0
DA:63,0
DA:67,0
DA:68,0
DA:71,0
DA:83,0
DA:84,0
DA:85,0
DA:87,0
DA:89,0
DA:90,0
DA:93,0
DA:98,0
LF:21
LH:0
BRDA:33,0,0,0
BRDA:35,1,0,0
BRDA:36,2,0,0
BRDA:40,3,0,0
BRDA:40,3,1,0
BRDA:41,4,0,0
BRDA:41,4,1,0
BRDA:41,4,2,0
BRDA:46,5,0,0
BRDA:46,5,1,0
BRDA:47,6,0,0
BRDA:47,6,1,0
BRDA:52,7,0,0
BRDA:52,7,1,0
BRDA:62,8,0,0
BRDA:62,8,1,0
BRDA:62,9,0,0
BRDA:62,9,1,0
BRDA:67,10,0,0
BRDA:67,10,1,0
BRDA:82,11,0,0
BRF:21
BRH:0
end_of_record
TN:
SF:src/utils/errors.js
FN:6,(anonymous_0)
FN:14,(anonymous_1)
FN:23,(anonymous_2)
FN:27,(anonymous_3)
FN:31,(anonymous_4)
FN:35,(anonymous_5)
FN:39,(anonymous_6)
FN:43,(anonymous_7)
FN:47,(anonymous_8)
FN:51,(anonymous_9)
FN:55,(anonymous_10)
FNF:11
FNH:7
FNDA:46,(anonymous_0)
FNDA:1,(anonymous_1)
FNDA:1,(anonymous_2)
FNDA:1,(anonymous_3)
FNDA:1,(anonymous_4)
FNDA:1,(anonymous_5)
FNDA:0,(anonymous_6)
FNDA:1,(anonymous_7)
FNDA:0,(anonymous_8)
FNDA:0,(anonymous_9)
FNDA:0,(anonymous_10)
DA:7,46
DA:8,46
DA:9,46
DA:10,46
DA:11,46
DA:15,1
DA:24,1
DA:28,1
DA:32,1
DA:36,1
DA:40,0
DA:44,1
DA:48,0
DA:52,0
DA:56,0
DA:60,5
LF:16
LH:12
BRDA:6,0,0,3
BRF:1
BRH:1
end_of_record
TN:
SF:src/utils/index.js
FNF:0
FNH:0
DA:9,2
DA:12,2
DA:15,2
DA:18,2
DA:21,2
LF:5
LH:5
BRF:0
BRH:0
end_of_record
TN:
SF:src/utils/logger.js
FN:53,(anonymous_0)
FNF:1
FNH:1
FNDA:13,(anonymous_0)
DA:6,5
DA:7,5
DA:10,5
DA:18,5
DA:42,5
DA:43,0
DA:53,5
DA:54,13
DA:55,1
DA:60,13
DA:63,5
LF:11
LH:10
BRDA:19,0,0,5
BRDA:19,0,1,5
BRDA:19,1,0,5
BRDA:19,1,1,0
BRDA:21,2,0,5
BRDA:21,2,1,5
BRDA:32,3,0,5
BRDA:32,3,1,5
BRDA:36,4,0,5
BRDA:36,4,1,5
BRDA:42,5,0,0
BRDA:42,5,1,5
BRDA:53,6,0,0
BRDA:54,7,0,1
BRDA:54,7,1,12
BRF:15
BRH:12
end_of_record
TN:
SF:src/utils/portUtil.js
FN:16,checkPortOccupation
FN:43,terminateProcess
FN:49,(anonymous_2)
FN:74,findAvailablePort
FNF:4
FNH:0
FNDA:0,checkPortOccupation
FNDA:0,terminateProcess
FNDA:0,(anonymous_2)
FNDA:0,findAvailablePort
DA:6,2
DA:7,2
DA:8,2
DA:9,2
DA:17,0
DA:19,0
DA:21,0
DA:22,0
DA:23,0
DA:26,0
DA:29,0
DA:30,0
DA:33,0
DA:34,0
DA:44,0
DA:46,0
DA:49,0
DA:52,0
DA:53,0
DA:56,0
DA:61,0
DA:63,0
DA:64,0
DA:75,0
DA:76,0
DA:77,0
DA:78,0
DA:81,0
DA:84,2
LF:29
LH:5
BRDA:21,0,0,0
BRDA:21,0,1,0
BRDA:29,1,0,0
BRDA:29,1,1,0
BRDA:74,2,0,0
BRDA:74,3,0,0
BRDA:77,4,0,0
BRDA:77,4,1,0
BRF:8
BRH:0
end_of_record
TN:
SF:src/utils/validator.js
FN:25,validate
FN:30,(anonymous_1)
FNF:2
FNH:0
FNDA:0,validate
FNDA:0,(anonymous_1)
DA:5,0
DA:6,0
DA:7,0
DA:10,0
DA:17,0
DA:26,0
DA:27,0
DA:29,0
DA:30,0
DA:35,0
DA:38,0
DA:41,0
LF:12
LH:0
BRDA:29,0,0,0
BRDA:29,0,1,0
BRF:2
BRH:0
end_of_record
